"../../../Engine/Content/EditorResources/S_Actor.ubulk" 0
"../../../Engine/Content/EditorResources/S_Actor.uasset" 1
"../../../Engine/Content/EditorResources/S_Actor.uexp" 2
"../../../Engine/Content/EditorResources/S_BoxReflectionCapture.uasset" 3
"../../../Engine/Content/EditorResources/S_BoxReflectionCapture.uexp" 4
"../../../Engine/Content/EngineResources/DefaultTexture.ubulk" 5
"../../../Engine/Content/EngineResources/DefaultTexture.uasset" 6
"../../../Engine/Content/EngineResources/DefaultTexture.uexp" 7
"../../../Engine/Content/EngineResources/DefaultTextureCube.uasset" 8
"../../../Engine/Content/EngineResources/DefaultTextureCube.uexp" 9
"../../../Engine/Content/EngineResources/DefaultVolumeTexture2D.uasset" 10
"../../../Engine/Content/EngineResources/DefaultVolumeTexture2D.uexp" 11
"../../../Engine/Content/EngineResources/DefaultVolumeTexture.uasset" 12
"../../../Engine/Content/EngineResources/DefaultVolumeTexture.uexp" 13
"../../../Engine/Content/EditorResources/S_Trigger.ubulk" 14
"../../../Engine/Content/EditorResources/S_Trigger.uasset" 15
"../../../Engine/Content/EditorResources/S_Trigger.uexp" 16
"../../../Engine/Content/EditorResources/S_TriggerBox.uasset" 17
"../../../Engine/Content/EditorResources/S_TriggerBox.uexp" 18
"../../../Engine/Content/EditorResources/S_TriggerCapsule.uasset" 19
"../../../Engine/Content/EditorResources/S_TriggerCapsule.uexp" 20
"../../../Engine/Content/EditorResources/S_TriggerSphere.uasset" 21
"../../../Engine/Content/EditorResources/S_TriggerSphere.uexp" 22
"../../../Engine/Content/EngineMeshes/Sphere.ubulk" 23
"../../../Engine/Content/EngineMeshes/Sphere.uasset" 24
"../../../Engine/Content/EngineMeshes/Sphere.uexp" 25
"../../../Engine/Content/EngineResources/GradientTexture0.uasset" 26
"../../../Engine/Content/EngineResources/GradientTexture0.uexp" 27
"../../../Engine/Content/EngineResources/Black.uasset" 28
"../../../Engine/Content/EngineResources/Black.uexp" 29
"../../../Engine/Content/VREditor/LaserPointer/VR_LaserPower_01.ubulk" 30
"../../../Engine/Content/VREditor/LaserPointer/VR_LaserPower_01.uasset" 31
"../../../Engine/Content/VREditor/LaserPointer/VR_LaserPower_01.uexp" 32
"../../../Engine/Content/VREditor/TransformGizmo/TransformGizmoMaterial.uasset" 33
"../../../Engine/Content/VREditor/TransformGizmo/TransformGizmoMaterial.uexp" 34
"../../../Engine/Content/VREditor/TransformGizmo/TranslucentTransformGizmoMaterial.uasset" 35
"../../../Engine/Content/VREditor/TransformGizmo/TranslucentTransformGizmoMaterial.uexp" 36
"../../../Engine/Content/VREditor/TransformGizmo/PlaneTranslationHandle.ubulk" 37
"../../../Engine/Content/VREditor/TransformGizmo/PlaneTranslationHandle.uasset" 38
"../../../Engine/Content/VREditor/TransformGizmo/PlaneTranslationHandle.uexp" 39
"../../../Engine/Content/VREditor/TransformGizmo/BoundingBoxCorner.ubulk" 40
"../../../Engine/Content/VREditor/TransformGizmo/BoundingBoxCorner.uasset" 41
"../../../Engine/Content/VREditor/TransformGizmo/BoundingBoxCorner.uexp" 42
"../../../Engine/Content/VREditor/TransformGizmo/BoundingBoxEdge.ubulk" 43
"../../../Engine/Content/VREditor/TransformGizmo/BoundingBoxEdge.uasset" 44
"../../../Engine/Content/VREditor/TransformGizmo/BoundingBoxEdge.uexp" 45
"../../../Engine/Content/VREditor/TransformGizmo/Main.uasset" 46
"../../../Engine/Content/VREditor/TransformGizmo/Main.uexp" 47
"../../../Engine/Content/VREditor/TransformGizmo/Xray.uasset" 48
"../../../Engine/Content/VREditor/TransformGizmo/Xray.uexp" 49
"../../../Engine/Content/VREditor/TransformGizmo/SM_Sequencer_Node.ubulk" 50
"../../../Engine/Content/VREditor/TransformGizmo/SM_Sequencer_Node.uasset" 51
"../../../Engine/Content/VREditor/TransformGizmo/SM_Sequencer_Node.uexp" 52
"../../../Engine/Content/EditorMaterials/Camera/CineMat.uasset" 53
"../../../Engine/Content/EditorMaterials/Camera/CineMat.uexp" 54
"../../../Engine/Content/EditorMaterials/Camera/MI_CineMat_Rig.uasset" 55
"../../../Engine/Content/EditorMaterials/Camera/MI_CineMat_Rig.uexp" 56
"../../../Engine/Content/EditorMeshes/Camera/SM_CraneRig_Base.ubulk" 57
"../../../Engine/Content/EditorMeshes/Camera/SM_CraneRig_Base.uasset" 58
"../../../Engine/Content/EditorMeshes/Camera/SM_CraneRig_Base.uexp" 59
"../../../Engine/Content/EditorMeshes/Camera/SM_CraneRig_Arm.ubulk" 60
"../../../Engine/Content/EditorMeshes/Camera/SM_CraneRig_Arm.uasset" 61
"../../../Engine/Content/EditorMeshes/Camera/SM_CraneRig_Arm.uexp" 62
"../../../Engine/Content/EditorMeshes/Camera/SM_CraneRig_Mount.ubulk" 63
"../../../Engine/Content/EditorMeshes/Camera/SM_CraneRig_Mount.uasset" 64
"../../../Engine/Content/EditorMeshes/Camera/SM_CraneRig_Mount.uexp" 65
"../../../Engine/Content/EditorMeshes/Camera/SM_CraneRig_Body.ubulk" 66
"../../../Engine/Content/EditorMeshes/Camera/SM_CraneRig_Body.uasset" 67
"../../../Engine/Content/EditorMeshes/Camera/SM_CraneRig_Body.uexp" 68
"../../../Engine/Content/EditorMeshes/Camera/SM_RailRig_Track.ubulk" 69
"../../../Engine/Content/EditorMeshes/Camera/SM_RailRig_Track.uasset" 70
"../../../Engine/Content/EditorMeshes/Camera/SM_RailRig_Track.uexp" 71
"../../../Engine/Content/EditorMeshes/Camera/SM_RailRig_Mount.ubulk" 72
"../../../Engine/Content/EditorMeshes/Camera/SM_RailRig_Mount.uasset" 73
"../../../Engine/Content/EditorMeshes/Camera/SM_RailRig_Mount.uexp" 74
"../../../Engine/Content/EngineMaterials/T_Default_Material_Grid_M.ubulk" 75
"../../../Engine/Content/EngineMaterials/T_Default_Material_Grid_M.uasset" 76
"../../../Engine/Content/EngineMaterials/T_Default_Material_Grid_M.uexp" 77
"../../../Engine/Content/EngineMaterials/T_Default_Material_Grid_N.ubulk" 78
"../../../Engine/Content/EngineMaterials/T_Default_Material_Grid_N.uasset" 79
"../../../Engine/Content/EngineMaterials/T_Default_Material_Grid_N.uexp" 80
"../../../Engine/Content/Functions/Engine_MaterialFunctions01/Opacity/CameraDepthFade.uasset" 81
"../../../Engine/Content/Functions/Engine_MaterialFunctions01/Opacity/CameraDepthFade.uexp" 82
"../../../Engine/Content/EngineMaterials/WorldGridMaterial.uasset" 83
"../../../Engine/Content/EngineMaterials/WorldGridMaterial.uexp" 84
"../../../Engine/Content/ArtTools/RenderToTexture/Meshes/S_1_Unit_Plane.ubulk" 85
"../../../Engine/Content/ArtTools/RenderToTexture/Meshes/S_1_Unit_Plane.uasset" 86
"../../../Engine/Content/ArtTools/RenderToTexture/Meshes/S_1_Unit_Plane.uexp" 87
"../../../Engine/Content/EditorMaterials/ParticleSystems/PSysThumbnail_NoImage.ubulk" 88
"../../../Engine/Content/EditorMaterials/ParticleSystems/PSysThumbnail_NoImage.uasset" 89
"../../../Engine/Content/EditorMaterials/ParticleSystems/PSysThumbnail_NoImage.uexp" 90
"../../../Engine/Content/EditorMaterials/ParticleSystems/PSysThumbnail_OOD.ubulk" 91
"../../../Engine/Content/EditorMaterials/ParticleSystems/PSysThumbnail_OOD.uasset" 92
"../../../Engine/Content/EditorMaterials/ParticleSystems/PSysThumbnail_OOD.uexp" 93
"../../../Engine/Content/EditorLandscapeResources/SplineEditorMeshMat.uasset" 94
"../../../Engine/Content/EditorLandscapeResources/SplineEditorMeshMat.uexp" 95
"../../../Engine/Content/EditorLandscapeResources/SplineEditorMesh.ubulk" 96
"../../../Engine/Content/EditorLandscapeResources/SplineEditorMesh.uasset" 97
"../../../Engine/Content/EditorLandscapeResources/SplineEditorMesh.uexp" 98
"../../../Engine/Content/EditorResources/S_Solver.ubulk" 99
"../../../Engine/Content/EditorResources/S_Solver.uasset" 100
"../../../Engine/Content/EditorResources/S_Solver.uexp" 101
"../../../Engine/Content/EditorMeshes/EditorSphere.ubulk" 102
"../../../Engine/Content/EditorMeshes/EditorSphere.uasset" 103
"../../../Engine/Content/EditorMeshes/EditorSphere.uexp" 104
"../../../Engine/Plugins/Media/MediaPlate/Content/SM_MediaPlateScreen.ubulk" 105
"../../../Engine/Plugins/Media/MediaPlate/Content/SM_MediaPlateScreen.uasset" 106
"../../../Engine/Plugins/Media/MediaPlate/Content/SM_MediaPlateScreen.uexp" 107
"../../../Engine/Content/EngineMaterials/Good64x64TilingNoiseHighFreq.uasset" 108
"../../../Engine/Content/EngineMaterials/Good64x64TilingNoiseHighFreq.uexp" 109
"../../../Engine/Content/EngineMaterials/DefaultBokeh.uasset" 110
"../../../Engine/Content/EngineMaterials/DefaultBokeh.uexp" 111
"../../../Engine/Content/EngineMaterials/PreintegratedSkinBRDF.uasset" 112
"../../../Engine/Content/EngineMaterials/PreintegratedSkinBRDF.uexp" 113
"../../../Engine/Content/EngineMaterials/MiniFont.uasset" 114
"../../../Engine/Content/EngineMaterials/MiniFont.uexp" 115
"../../../Engine/Content/EngineMaterials/WeightMapPlaceholderTexture.uasset" 116
"../../../Engine/Content/EngineMaterials/WeightMapPlaceholderTexture.uexp" 117
"../../../Engine/Content/EngineMaterials/DefaultWhiteGrid.ubulk" 118
"../../../Engine/Content/EngineMaterials/DefaultWhiteGrid.uasset" 119
"../../../Engine/Content/EngineMaterials/DefaultWhiteGrid.uexp" 120
"../../../Engine/Content/BasicShapes/Plane.ubulk" 121
"../../../Engine/Content/BasicShapes/Plane.uasset" 122
"../../../Engine/Content/BasicShapes/Plane.uexp" 123
"../../../Engine/Content/EngineMaterials/DefaultMaterial.uasset" 124
"../../../Engine/Content/EngineMaterials/DefaultMaterial.uexp" 125
"../../../Engine/Content/BasicShapes/Cylinder.ubulk" 126
"../../../Engine/Content/BasicShapes/Cylinder.uasset" 127
"../../../Engine/Content/BasicShapes/Cylinder.uexp" 128
"../../../Engine/Content/BasicShapes/Cone.ubulk" 129
"../../../Engine/Content/BasicShapes/Cone.uasset" 130
"../../../Engine/Content/BasicShapes/Cone.uexp" 131
"../../../Engine/Content/EditorLandscapeResources/DefaultAlphaTexture.uasset" 132
"../../../Engine/Content/EditorLandscapeResources/DefaultAlphaTexture.uexp" 133
"../../../Engine/Content/EditorLandscapeResources/DataLayer.uasset" 134
"../../../Engine/Content/EditorLandscapeResources/DataLayer.uexp" 135
"../../../Engine/Content/EditorMaterials/PreviewShadowIndicator.ubulk" 136
"../../../Engine/Content/EditorMaterials/PreviewShadowIndicator.uasset" 137
"../../../Engine/Content/EditorMaterials/PreviewShadowIndicator.uexp" 138
"../../../Engine/Content/EditorMaterials/PreviewShadowIndicatorMaterial.uasset" 139
"../../../Engine/Content/EditorMaterials/PreviewShadowIndicatorMaterial.uexp" 140
"../../../Engine/Content/EditorMaterials/PhAT_UnselectedMaterial.uasset" 141
"../../../Engine/Content/EditorMaterials/PhAT_UnselectedMaterial.uexp" 142
"../../../Engine/Content/EditorMaterials/PhAT_NoCollisionMaterial.uasset" 143
"../../../Engine/Content/EditorMaterials/PhAT_NoCollisionMaterial.uexp" 144
"../../../Engine/Content/Functions/Engine_MaterialFunctions02/Utility/MakeFloat4.uasset" 145
"../../../Engine/Content/Functions/Engine_MaterialFunctions02/Utility/MakeFloat4.uexp" 146
"../../../Engine/Content/Functions/Engine_MaterialFunctions02/Utility/MakeFloat3.uasset" 147
"../../../Engine/Content/Functions/Engine_MaterialFunctions02/Utility/MakeFloat3.uexp" 148
"../../../Engine/Content/Functions/Engine_MaterialFunctions02/Utility/BreakOutFloat3Components.uasset" 149
"../../../Engine/Content/Functions/Engine_MaterialFunctions02/Utility/BreakOutFloat3Components.uexp" 150
"../../../Engine/Content/EditorMaterials/WorldPartition/WorldPartitionSpatialHashGridPreviewMaterial.uasset" 151
"../../../Engine/Content/EditorMaterials/WorldPartition/WorldPartitionSpatialHashGridPreviewMaterial.uexp" 152
"../../../Engine/Content/EditorResources/S_Terrain.ubulk" 153
"../../../Engine/Content/EditorResources/S_Terrain.uasset" 154
"../../../Engine/Content/EditorResources/S_Terrain.uexp" 155
"../../../Engine/Content/EditorResources/EmptyActor.uasset" 156
"../../../Engine/Content/EditorResources/EmptyActor.uexp" 157
"../../../Engine/Content/EditorResources/BSPVertex.uasset" 158
"../../../Engine/Content/EditorResources/BSPVertex.uexp" 159
"../../../Engine/Content/EditorResources/SequenceRecorder/RecordingIndicator.uasset" 160
"../../../Engine/Content/EditorResources/SequenceRecorder/RecordingIndicator.uexp" 161
"../../../Engine/Content/EditorResources/SequenceRecorder/Countdown.uasset" 162
"../../../Engine/Content/EditorResources/SequenceRecorder/Countdown.uexp" 163
"../../../Engine/Content/EngineDamageTypes/DmgTypeBP_Environmental.uasset" 164
"../../../Engine/Content/EngineDamageTypes/DmgTypeBP_Environmental.uexp" 165
"../../../Engine/Content/Functions/Engine_MaterialFunctions02/Utility/CameraDirectionVector.uasset" 166
"../../../Engine/Content/Functions/Engine_MaterialFunctions02/Utility/CameraDirectionVector.uexp" 167
"../../../Engine/Content/EngineDebugMaterials/VolumeToRender.uasset" 168
"../../../Engine/Content/EngineDebugMaterials/VolumeToRender.uexp" 169
"../../../Engine/Content/EngineDebugMaterials/M_VolumeRenderSphereTracePP.uasset" 170
"../../../Engine/Content/EngineDebugMaterials/M_VolumeRenderSphereTracePP.uexp" 171
"../../../Engine/Content/EngineDebugMaterials/M_SimpleUnlitTranslucent.uasset" 172
"../../../Engine/Content/EngineDebugMaterials/M_SimpleUnlitTranslucent.uexp" 173
"../../../Engine/Content/EngineDebugMaterials/DebugMeshMaterial.uasset" 174
"../../../Engine/Content/EngineDebugMaterials/DebugMeshMaterial.uexp" 175
"../../../Engine/Content/EngineDebugMaterials/DebugEditorMaterial.uasset" 176
"../../../Engine/Content/EngineDebugMaterials/DebugEditorMaterial.uexp" 177
"../../../Engine/Content/EngineFonts/Faces/RobotoLight.uexp" 178
"../../../Engine/Content/EngineFonts/Faces/RobotoLight.uasset" 179
"../../../Engine/Content/EngineFonts/Faces/RobotoLight.ufont" 180
"../../../Engine/Content/EngineFonts/Faces/RobotoBold.uexp" 181
"../../../Engine/Content/EngineFonts/Faces/RobotoBold.uasset" 182
"../../../Engine/Content/EngineFonts/Faces/RobotoBold.ufont" 183
"../../../Engine/Content/EngineFonts/Faces/RobotoRegular.uexp" 184
"../../../Engine/Content/EngineFonts/Faces/RobotoRegular.uasset" 185
"../../../Engine/Content/EngineFonts/Faces/RobotoRegular.ufont" 186
"../../../Engine/Content/EngineFonts/Faces/DroidSansFallback.uexp" 187
"../../../Engine/Content/EngineFonts/Faces/DroidSansFallback.uasset" 188
"../../../Engine/Content/EngineFonts/Faces/DroidSansFallback.ufont" 189
"../../../Engine/Content/EngineFonts/Faces/RobotoItalic.uexp" 190
"../../../Engine/Content/EngineFonts/Faces/RobotoItalic.uasset" 191
"../../../Engine/Content/EngineFonts/Faces/RobotoItalic.ufont" 192
"../../../Engine/Content/EngineFonts/Faces/RobotoBoldItalic.uexp" 193
"../../../Engine/Content/EngineFonts/Faces/RobotoBoldItalic.uasset" 194
"../../../Engine/Content/EngineFonts/Faces/RobotoBoldItalic.ufont" 195
"../../../Engine/Content/EngineFonts/Roboto.uasset" 196
"../../../Engine/Content/EngineFonts/Roboto.uexp" 197
"../../../Engine/Content/EngineResources/WhiteSquareTexture.uasset" 198
"../../../Engine/Content/EngineResources/WhiteSquareTexture.uexp" 199
"../../../Engine/Content/EngineMaterials/Widget3DPassThrough.uasset" 200
"../../../Engine/Content/EngineMaterials/Widget3DPassThrough.uexp" 201
"../../../Engine/Content/EngineMaterials/Widget3DPassThrough_Translucent.uasset" 202
"../../../Engine/Content/EngineMaterials/Widget3DPassThrough_Translucent.uexp" 203
"../../../Engine/Content/EngineMaterials/Widget3DPassThrough_Translucent_OneSided.uasset" 204
"../../../Engine/Content/EngineMaterials/Widget3DPassThrough_Translucent_OneSided.uexp" 205
"../../../Engine/Content/EngineMaterials/Widget3DPassThrough_Opaque.uasset" 206
"../../../Engine/Content/EngineMaterials/Widget3DPassThrough_Opaque.uexp" 207
"../../../Engine/Content/EngineMaterials/Widget3DPassThrough_Opaque_OneSided.uasset" 208
"../../../Engine/Content/EngineMaterials/Widget3DPassThrough_Opaque_OneSided.uexp" 209
"../../../Engine/Content/EngineMaterials/Widget3DPassThrough_Masked_OneSided.uasset" 210
"../../../Engine/Content/EngineMaterials/Widget3DPassThrough_Masked_OneSided.uexp" 211
"../../../Engine/Content/EngineMaterials/Widget3DPassThrough_Masked.uasset" 212
"../../../Engine/Content/EngineMaterials/Widget3DPassThrough_Masked.uexp" 213
"../../../Engine/Content/EngineMaterials/STBlueNoise_vec2_128x128x64.uasset" 214
"../../../Engine/Content/EngineMaterials/STBlueNoise_vec2_128x128x64.uexp" 215
"../../../Engine/Content/EngineMaterials/STBlueNoise_scalar_128x128x64.uasset" 216
"../../../Engine/Content/EngineMaterials/STBlueNoise_scalar_128x128x64.uexp" 217
"../../../Engine/Content/EngineMaterials/RemoveSurfaceMaterial.uasset" 218
"../../../Engine/Content/EngineMaterials/RemoveSurfaceMaterial.uexp" 219
"../../../Engine/Content/EngineMaterials/DefaultCalibrationGrayscale.uasset" 220
"../../../Engine/Content/EngineMaterials/DefaultCalibrationGrayscale.uexp" 221
"../../../Engine/Content/EngineMaterials/PPM_DefaultCalibrationGrayscale.uasset" 222
"../../../Engine/Content/EngineMaterials/PPM_DefaultCalibrationGrayscale.uexp" 223
"../../../Engine/Content/EngineMaterials/DefaultCalibrationColor.uasset" 224
"../../../Engine/Content/EngineMaterials/DefaultCalibrationColor.uexp" 225
"../../../Engine/Content/EngineMaterials/PPM_DefaultCalibrationColor.uasset" 226
"../../../Engine/Content/EngineMaterials/PPM_DefaultCalibrationColor.uexp" 227
"../../../Engine/Content/Functions/Engine_MaterialFunctions02/WorldPositionOffset/CameraOffset.uasset" 228
"../../../Engine/Content/Functions/Engine_MaterialFunctions02/WorldPositionOffset/CameraOffset.uexp" 229
"../../../Engine/Content/EngineMaterials/PhAT_JointLimitMaterial.uasset" 230
"../../../Engine/Content/EngineMaterials/PhAT_JointLimitMaterial.uexp" 231
"../../../Engine/Content/EngineMaterials/InvalidLightmapSettings.ubulk" 232
"../../../Engine/Content/EngineMaterials/InvalidLightmapSettings.uasset" 233
"../../../Engine/Content/EngineMaterials/InvalidLightmapSettings.uexp" 234
"../../../Engine/Content/EngineMaterials/M_InvalidLightmapSettings.uasset" 235
"../../../Engine/Content/EngineMaterials/M_InvalidLightmapSettings.uexp" 236
"../../../Engine/Content/EngineMaterials/GizmoMaterial.uasset" 237
"../../../Engine/Content/EngineMaterials/GizmoMaterial.uexp" 238
"../../../Engine/Content/EngineMaterials/BaseFlattenEmissiveMap_VT.uasset" 239
"../../../Engine/Content/EngineMaterials/BaseFlattenEmissiveMap_VT.uexp" 240
"../../../Engine/Content/EngineMaterials/BaseFlattenGrayscaleMap_VT.uasset" 241
"../../../Engine/Content/EngineMaterials/BaseFlattenGrayscaleMap_VT.uexp" 242
"../../../Engine/Content/EngineMaterials/BaseFlattenLinearColor_VT.uasset" 243
"../../../Engine/Content/EngineMaterials/BaseFlattenLinearColor_VT.uexp" 244
"../../../Engine/Content/EngineMaterials/Black_1x1_EXR_Texture_VT.uasset" 245
"../../../Engine/Content/EngineMaterials/Black_1x1_EXR_Texture_VT.uexp" 246
"../../../Engine/Content/EngineMaterials/BaseFlattenDiffuseMap_VT.uasset" 247
"../../../Engine/Content/EngineMaterials/BaseFlattenDiffuseMap_VT.uexp" 248
"../../../Engine/Content/EngineMaterials/BaseFlattenNormalMap_VT.uasset" 249
"../../../Engine/Content/EngineMaterials/BaseFlattenNormalMap_VT.uexp" 250
"../../../Engine/Content/EngineMaterials/FlattenMaterial_WS_Normal_VT.uasset" 251
"../../../Engine/Content/EngineMaterials/FlattenMaterial_WS_Normal_VT.uexp" 252
"../../../Engine/Content/EngineMaterials/FlattenMaterial_VT.uasset" 253
"../../../Engine/Content/EngineMaterials/FlattenMaterial_VT.uexp" 254
"../../../Engine/Content/EngineMaterials/BaseFlattenNormalMap.uasset" 255
"../../../Engine/Content/EngineMaterials/BaseFlattenNormalMap.uexp" 256
"../../../Engine/Content/EngineMaterials/BaseFlattenGrayscaleMap.uasset" 257
"../../../Engine/Content/EngineMaterials/BaseFlattenGrayscaleMap.uexp" 258
"../../../Engine/Content/EngineMaterials/BaseFlattenDiffuseMap.uasset" 259
"../../../Engine/Content/EngineMaterials/BaseFlattenDiffuseMap.uexp" 260
"../../../Engine/Content/Functions/Engine_MaterialFunctions02/PivotPainter2/Black_1x1_EXR_Texture.uasset" 261
"../../../Engine/Content/Functions/Engine_MaterialFunctions02/PivotPainter2/Black_1x1_EXR_Texture.uexp" 262
"../../../Engine/Content/EngineMaterials/BaseFlattenEmissiveMap.uasset" 263
"../../../Engine/Content/EngineMaterials/BaseFlattenEmissiveMap.uexp" 264
"../../../Engine/Content/EngineMaterials/BaseFlattenLinearColor.uasset" 265
"../../../Engine/Content/EngineMaterials/BaseFlattenLinearColor.uexp" 266
"../../../Engine/Content/EngineMaterials/FlattenMaterial.uasset" 267
"../../../Engine/Content/EngineMaterials/FlattenMaterial.uexp" 268
"../../../Engine/Content/EngineMaterials/DefaultWhiteGrid_Low.uasset" 269
"../../../Engine/Content/EngineMaterials/DefaultWhiteGrid_Low.uexp" 270
"../../../Engine/Content/EngineMaterials/EmissiveMeshMaterial.uasset" 271
"../../../Engine/Content/EngineMaterials/EmissiveMeshMaterial.uexp" 272
"../../../Engine/Content/EngineFonts/RobotoDistanceField.uasset" 273
"../../../Engine/Content/EngineFonts/RobotoDistanceField.uexp" 274
"../../../Engine/Content/EngineMaterials/DefaultTextMaterialOpaque.uasset" 275
"../../../Engine/Content/EngineMaterials/DefaultTextMaterialOpaque.uexp" 276
"../../../Engine/Content/EngineMaterials/DefaultDiffuse.ubulk" 277
"../../../Engine/Content/EngineMaterials/DefaultDiffuse.uasset" 278
"../../../Engine/Content/EngineMaterials/DefaultDiffuse.uexp" 279
"../../../Engine/Content/Functions/Engine_MaterialFunctions02/Utility/BreakOutFloat2Components.uasset" 280
"../../../Engine/Content/Functions/Engine_MaterialFunctions02/Utility/BreakOutFloat2Components.uexp" 281
"../../../Engine/Content/EngineMaterials/DefaultPostProcessMaterial.uasset" 282
"../../../Engine/Content/EngineMaterials/DefaultPostProcessMaterial.uexp" 283
"../../../Engine/Content/EngineMaterials/DefaultPhysicalMaterial.uasset" 284
"../../../Engine/Content/EngineMaterials/DefaultPhysicalMaterial.uexp" 285
"../../../Engine/Content/EngineMaterials/DefaultLightFunctionMaterial.uasset" 286
"../../../Engine/Content/EngineMaterials/DefaultLightFunctionMaterial.uexp" 287
"../../../Engine/Content/EngineMaterials/DefaultDestructiblePhysicalMaterial.uasset" 288
"../../../Engine/Content/EngineMaterials/DefaultDestructiblePhysicalMaterial.uexp" 289
"../../../Engine/Content/EngineMaterials/DefaultDeferredDecalMaterial.uasset" 290
"../../../Engine/Content/EngineMaterials/DefaultDeferredDecalMaterial.uexp" 291
"../../../Engine/Content/EngineMaterials/DefaultBloomKernel.uasset" 292
"../../../Engine/Content/EngineMaterials/DefaultBloomKernel.uexp" 293
"../../../Engine/Content/EngineResources/FilmGrains/Marcie_Grain_v3_128_M2_000.uasset" 294
"../../../Engine/Content/EngineResources/FilmGrains/Marcie_Grain_v3_128_M2_000.uexp" 295
"../../../Engine/Content/EngineSky/VolumetricClouds/CloudWeatherTexture.uasset" 296
"../../../Engine/Content/EngineSky/VolumetricClouds/CloudWeatherTexture.uexp" 297
"../../../Engine/Content/Functions/Engine_MaterialFunctions02/Utility/MakeFloat2.uasset" 298
"../../../Engine/Content/Functions/Engine_MaterialFunctions02/Utility/MakeFloat2.uexp" 299
"../../../Engine/Content/EngineSky/VolumetricClouds/CloudGradientTexture.uasset" 300
"../../../Engine/Content/EngineSky/VolumetricClouds/CloudGradientTexture.uexp" 301
"../../../Engine/Content/EngineSky/VolumetricClouds/T_NoiseShape64.ubulk" 302
"../../../Engine/Content/EngineSky/VolumetricClouds/T_NoiseShape64.uasset" 303
"../../../Engine/Content/EngineSky/VolumetricClouds/T_NoiseShape64.uexp" 304
"../../../Engine/Content/EngineSky/VolumetricClouds/T_VolumeNoiseShape64.uasset" 305
"../../../Engine/Content/EngineSky/VolumetricClouds/T_VolumeNoiseShape64.uexp" 306
"../../../Engine/Content/EngineSky/VolumetricClouds/T_NoiseErosion.ubulk" 307
"../../../Engine/Content/EngineSky/VolumetricClouds/T_NoiseErosion.uasset" 308
"../../../Engine/Content/EngineSky/VolumetricClouds/T_NoiseErosion.uexp" 309
"../../../Engine/Content/EngineSky/VolumetricClouds/T_VolumeNoiseErosion32.uasset" 310
"../../../Engine/Content/EngineSky/VolumetricClouds/T_VolumeNoiseErosion32.uexp" 311
"../../../Engine/Content/EngineSky/VolumetricClouds/m_SimpleVolumetricCloud.uasset" 312
"../../../Engine/Content/EngineSky/VolumetricClouds/m_SimpleVolumetricCloud.uexp" 313
"../../../Engine/Content/EngineSky/VolumetricClouds/m_SimpleVolumetricCloud_Inst.uasset" 314
"../../../Engine/Content/EngineSky/VolumetricClouds/m_SimpleVolumetricCloud_Inst.uexp" 315
"../../../Engine/Content/EngineSounds/Master.uasset" 316
"../../../Engine/Content/EngineSounds/Master.uexp" 317
"../../../Engine/Content/Functions/Engine_MaterialFunctions01/Shading/PowerToRoughness.uasset" 318
"../../../Engine/Content/Functions/Engine_MaterialFunctions01/Shading/PowerToRoughness.uexp" 319
"../../../Engine/Content/MobileResources/HUD/VirtualJoystick_Background.uasset" 320
"../../../Engine/Content/MobileResources/HUD/VirtualJoystick_Background.uexp" 321
"../../../Engine/Content/MobileResources/HUD/VirtualJoystick_Thumb.uasset" 322
"../../../Engine/Content/MobileResources/HUD/VirtualJoystick_Thumb.uexp" 323
"../../../Engine/Content/MobileResources/HUD/DefaultVirtualJoysticks.uasset" 324
"../../../Engine/Content/MobileResources/HUD/DefaultVirtualJoysticks.uexp" 325
"../../../Engine/Plugins/2D/Paper2D/Content/PlaceholderTextures/DummySpriteTexture.ubulk" 326
"../../../Engine/Plugins/2D/Paper2D/Content/PlaceholderTextures/DummySpriteTexture.uasset" 327
"../../../Engine/Plugins/2D/Paper2D/Content/PlaceholderTextures/DummySpriteTexture.uexp" 328
"../../../Engine/Plugins/2D/Paper2D/Content/DefaultSpriteMaterial.uasset" 329
"../../../Engine/Plugins/2D/Paper2D/Content/DefaultSpriteMaterial.uexp" 330
"../../../Engine/Plugins/2D/Paper2D/Content/OpaqueUnlitSpriteMaterial.uasset" 331
"../../../Engine/Plugins/2D/Paper2D/Content/OpaqueUnlitSpriteMaterial.uexp" 332
"../../../Engine/Plugins/2D/Paper2D/Content/MaskedUnlitSpriteMaterial.uasset" 333
"../../../Engine/Plugins/2D/Paper2D/Content/MaskedUnlitSpriteMaterial.uexp" 334
"../../../Engine/Plugins/2D/Paper2D/Content/DummySprite.uasset" 335
"../../../Engine/Plugins/2D/Paper2D/Content/DummySprite.uexp" 336
"../../../Engine/Plugins/2D/Paper2D/Content/DefaultPaperTerrainMaterial.uasset" 337
"../../../Engine/Plugins/2D/Paper2D/Content/DefaultPaperTerrainMaterial.uexp" 338
"../../../Engine/Plugins/Animation/ControlRig/Content/M_Manip.uasset" 339
"../../../Engine/Plugins/Animation/ControlRig/Content/M_Manip.uexp" 340
"../../../Engine/Plugins/Animation/ControlRig/Content/Controls/DefaultGizmoLibraryNormalized.uasset" 341
"../../../Engine/Plugins/Animation/ControlRig/Content/Controls/DefaultGizmoLibraryNormalized.uexp" 342
"../../../Engine/Plugins/Animation/ControlRig/Content/Controls/ControlRig_Wedge_solid.ubulk" 343
"../../../Engine/Plugins/Animation/ControlRig/Content/Controls/ControlRig_Wedge_solid.uasset" 344
"../../../Engine/Plugins/Animation/ControlRig/Content/Controls/ControlRig_Wedge_solid.uexp" 345
"../../../Engine/Plugins/Animation/ControlRig/Content/Controls/ControlRig_Wedge_3mm.ubulk" 346
"../../../Engine/Plugins/Animation/ControlRig/Content/Controls/ControlRig_Wedge_3mm.uasset" 347
"../../../Engine/Plugins/Animation/ControlRig/Content/Controls/ControlRig_Wedge_3mm.uexp" 348
"../../../Engine/Plugins/Animation/ControlRig/Content/Controls/ControlRig_Wedge_1mm.ubulk" 349
"../../../Engine/Plugins/Animation/ControlRig/Content/Controls/ControlRig_Wedge_1mm.uasset" 350
"../../../Engine/Plugins/Animation/ControlRig/Content/Controls/ControlRig_Wedge_1mm.uexp" 351
"../../../Engine/Plugins/Animation/ControlRig/Content/Controls/ControlRig_Triangle_solid.ubulk" 352
"../../../Engine/Plugins/Animation/ControlRig/Content/Controls/ControlRig_Triangle_solid.uasset" 353
"../../../Engine/Plugins/Animation/ControlRig/Content/Controls/ControlRig_Triangle_solid.uexp" 354
"../../../Engine/Plugins/Animation/ControlRig/Content/Controls/ControlRig_Triangle_3mm.ubulk" 355
"../../../Engine/Plugins/Animation/ControlRig/Content/Controls/ControlRig_Triangle_3mm.uasset" 356
"../../../Engine/Plugins/Animation/ControlRig/Content/Controls/ControlRig_Triangle_3mm.uexp" 357
"../../../Engine/Plugins/Animation/ControlRig/Content/Controls/ControlRig_Triangle_1mm.ubulk" 358
"../../../Engine/Plugins/Animation/ControlRig/Content/Controls/ControlRig_Triangle_1mm.uasset" 359
"../../../Engine/Plugins/Animation/ControlRig/Content/Controls/ControlRig_Triangle_1mm.uexp" 360
"../../../Engine/Plugins/Animation/ControlRig/Content/Controls/ControlRig_Star4_solid.ubulk" 361
"../../../Engine/Plugins/Animation/ControlRig/Content/Controls/ControlRig_Star4_solid.uasset" 362
"../../../Engine/Plugins/Animation/ControlRig/Content/Controls/ControlRig_Star4_solid.uexp" 363
"../../../Engine/Plugins/Animation/ControlRig/Content/Controls/ControlRig_Star4_3mm.ubulk" 364
"../../../Engine/Plugins/Animation/ControlRig/Content/Controls/ControlRig_Star4_3mm.uasset" 365
"../../../Engine/Plugins/Animation/ControlRig/Content/Controls/ControlRig_Star4_3mm.uexp" 366
"../../../Engine/Plugins/Animation/ControlRig/Content/Controls/ControlRig_Star4_1mm.ubulk" 367
"../../../Engine/Plugins/Animation/ControlRig/Content/Controls/ControlRig_Star4_1mm.uasset" 368
"../../../Engine/Plugins/Animation/ControlRig/Content/Controls/ControlRig_Star4_1mm.uexp" 369
"../../../Engine/Plugins/Animation/ControlRig/Content/Controls/ControlRig_Square_solid.ubulk" 370
"../../../Engine/Plugins/Animation/ControlRig/Content/Controls/ControlRig_Square_solid.uasset" 371
"../../../Engine/Plugins/Animation/ControlRig/Content/Controls/ControlRig_Square_solid.uexp" 372
"../../../Engine/Plugins/Animation/ControlRig/Content/Controls/ControlRig_Square_3mm.ubulk" 373
"../../../Engine/Plugins/Animation/ControlRig/Content/Controls/ControlRig_Square_3mm.uasset" 374
"../../../Engine/Plugins/Animation/ControlRig/Content/Controls/ControlRig_Square_3mm.uexp" 375
"../../../Engine/Plugins/Animation/ControlRig/Content/Controls/ControlRig_Square_1mm.ubulk" 376
"../../../Engine/Plugins/Animation/ControlRig/Content/Controls/ControlRig_Square_1mm.uasset" 377
"../../../Engine/Plugins/Animation/ControlRig/Content/Controls/ControlRig_Square_1mm.uexp" 378
"../../../Engine/Plugins/Animation/ControlRig/Content/Controls/ControlRig_Sphere_solid.ubulk" 379
"../../../Engine/Plugins/Animation/ControlRig/Content/Controls/ControlRig_Sphere_solid.uasset" 380
"../../../Engine/Plugins/Animation/ControlRig/Content/Controls/ControlRig_Sphere_solid.uexp" 381
"../../../Engine/Plugins/Animation/ControlRig/Content/Controls/ControlRig_Sphere_3mm.ubulk" 382
"../../../Engine/Plugins/Animation/ControlRig/Content/Controls/ControlRig_Sphere_3mm.uasset" 383
"../../../Engine/Plugins/Animation/ControlRig/Content/Controls/ControlRig_Sphere_3mm.uexp" 384
"../../../Engine/Plugins/Animation/ControlRig/Content/Controls/ControlRig_Sphere_1mm.ubulk" 385
"../../../Engine/Plugins/Animation/ControlRig/Content/Controls/ControlRig_Sphere_1mm.uasset" 386
"../../../Engine/Plugins/Animation/ControlRig/Content/Controls/ControlRig_Sphere_1mm.uexp" 387
"../../../Engine/Plugins/Animation/ControlRig/Content/Controls/ControlRig_RoundedTriangle_solid.ubulk" 388
"../../../Engine/Plugins/Animation/ControlRig/Content/Controls/ControlRig_RoundedTriangle_solid.uasset" 389
"../../../Engine/Plugins/Animation/ControlRig/Content/Controls/ControlRig_RoundedTriangle_solid.uexp" 390
"../../../Engine/Plugins/Animation/ControlRig/Content/Controls/ControlRig_RoundedTriangle_3mm.ubulk" 391
"../../../Engine/Plugins/Animation/ControlRig/Content/Controls/ControlRig_RoundedTriangle_3mm.uasset" 392
"../../../Engine/Plugins/Animation/ControlRig/Content/Controls/ControlRig_RoundedTriangle_3mm.uexp" 393
"../../../Engine/Plugins/Animation/ControlRig/Content/Controls/ControlRig_RoundedTriangle_1mm.ubulk" 394
"../../../Engine/Plugins/Animation/ControlRig/Content/Controls/ControlRig_RoundedTriangle_1mm.uasset" 395
"../../../Engine/Plugins/Animation/ControlRig/Content/Controls/ControlRig_RoundedTriangle_1mm.uexp" 396
"../../../Engine/Plugins/Animation/ControlRig/Content/Controls/ControlRig_RoundedSquare_solid.ubulk" 397
"../../../Engine/Plugins/Animation/ControlRig/Content/Controls/ControlRig_RoundedSquare_solid.uasset" 398
"../../../Engine/Plugins/Animation/ControlRig/Content/Controls/ControlRig_RoundedSquare_solid.uexp" 399
"../../../Engine/Plugins/Animation/ControlRig/Content/Controls/ControlRig_RoundedSquare_3mm.ubulk" 400
"../../../Engine/Plugins/Animation/ControlRig/Content/Controls/ControlRig_RoundedSquare_3mm.uasset" 401
"../../../Engine/Plugins/Animation/ControlRig/Content/Controls/ControlRig_RoundedSquare_3mm.uexp" 402
"../../../Engine/Plugins/Animation/ControlRig/Content/Controls/ControlRig_RoundedSquare_1mm.ubulk" 403
"../../../Engine/Plugins/Animation/ControlRig/Content/Controls/ControlRig_RoundedSquare_1mm.uasset" 404
"../../../Engine/Plugins/Animation/ControlRig/Content/Controls/ControlRig_RoundedSquare_1mm.uexp" 405
"../../../Engine/Plugins/Animation/ControlRig/Content/Controls/ControlRig_QuarterCircle_solid.ubulk" 406
"../../../Engine/Plugins/Animation/ControlRig/Content/Controls/ControlRig_QuarterCircle_solid.uasset" 407
"../../../Engine/Plugins/Animation/ControlRig/Content/Controls/ControlRig_QuarterCircle_solid.uexp" 408
"../../../Engine/Plugins/Animation/ControlRig/Content/Controls/ControlRig_QuarterCircle_3mm.ubulk" 409
"../../../Engine/Plugins/Animation/ControlRig/Content/Controls/ControlRig_QuarterCircle_3mm.uasset" 410
"../../../Engine/Plugins/Animation/ControlRig/Content/Controls/ControlRig_QuarterCircle_3mm.uexp" 411
"../../../Engine/Plugins/Animation/ControlRig/Content/Controls/ControlRig_QuarterCircle_1mm.ubulk" 412
"../../../Engine/Plugins/Animation/ControlRig/Content/Controls/ControlRig_QuarterCircle_1mm.uasset" 413
"../../../Engine/Plugins/Animation/ControlRig/Content/Controls/ControlRig_QuarterCircle_1mm.uexp" 414
"../../../Engine/Plugins/Animation/ControlRig/Content/Controls/ControlRig_Pyramid_solid.ubulk" 415
"../../../Engine/Plugins/Animation/ControlRig/Content/Controls/ControlRig_Pyramid_solid.uasset" 416
"../../../Engine/Plugins/Animation/ControlRig/Content/Controls/ControlRig_Pyramid_solid.uexp" 417
"../../../Engine/Plugins/Animation/ControlRig/Content/Controls/ControlRig_Pyramid_3mm.ubulk" 418
"../../../Engine/Plugins/Animation/ControlRig/Content/Controls/ControlRig_Pyramid_3mm.uasset" 419
"../../../Engine/Plugins/Animation/ControlRig/Content/Controls/ControlRig_Pyramid_3mm.uexp" 420
"../../../Engine/Plugins/Animation/ControlRig/Content/Controls/ControlRig_Pyramid_1mm.ubulk" 421
"../../../Engine/Plugins/Animation/ControlRig/Content/Controls/ControlRig_Pyramid_1mm.uasset" 422
"../../../Engine/Plugins/Animation/ControlRig/Content/Controls/ControlRig_Pyramid_1mm.uexp" 423
"../../../Engine/Plugins/Animation/ControlRig/Content/Controls/ControlRig_Octagon_solid.ubulk" 424
"../../../Engine/Plugins/Animation/ControlRig/Content/Controls/ControlRig_Octagon_solid.uasset" 425
"../../../Engine/Plugins/Animation/ControlRig/Content/Controls/ControlRig_Octagon_solid.uexp" 426
"../../../Engine/Plugins/Animation/ControlRig/Content/Controls/ControlRig_Octagon_3mm.ubulk" 427
"../../../Engine/Plugins/Animation/ControlRig/Content/Controls/ControlRig_Octagon_3mm.uasset" 428
"../../../Engine/Plugins/Animation/ControlRig/Content/Controls/ControlRig_Octagon_3mm.uexp" 429
"../../../Engine/Plugins/Animation/ControlRig/Content/Controls/ControlRig_Octagon_1mm.ubulk" 430
"../../../Engine/Plugins/Animation/ControlRig/Content/Controls/ControlRig_Octagon_1mm.uasset" 431
"../../../Engine/Plugins/Animation/ControlRig/Content/Controls/ControlRig_Octagon_1mm.uexp" 432
"../../../Engine/Plugins/Animation/ControlRig/Content/Controls/ControlRig_Hexagon_solid.ubulk" 433
"../../../Engine/Plugins/Animation/ControlRig/Content/Controls/ControlRig_Hexagon_solid.uasset" 434
"../../../Engine/Plugins/Animation/ControlRig/Content/Controls/ControlRig_Hexagon_solid.uexp" 435
"../../../Engine/Plugins/Animation/ControlRig/Content/Controls/ControlRig_Hexagon_3mm.ubulk" 436
"../../../Engine/Plugins/Animation/ControlRig/Content/Controls/ControlRig_Hexagon_3mm.uasset" 437
"../../../Engine/Plugins/Animation/ControlRig/Content/Controls/ControlRig_Hexagon_3mm.uexp" 438
"../../../Engine/Plugins/Animation/ControlRig/Content/Controls/ControlRig_Hexagon_1mm.ubulk" 439
"../../../Engine/Plugins/Animation/ControlRig/Content/Controls/ControlRig_Hexagon_1mm.uasset" 440
"../../../Engine/Plugins/Animation/ControlRig/Content/Controls/ControlRig_Hexagon_1mm.uexp" 441
"../../../Engine/Plugins/Animation/ControlRig/Content/Controls/ControlRig_HalfCircle_solid.ubulk" 442
"../../../Engine/Plugins/Animation/ControlRig/Content/Controls/ControlRig_HalfCircle_solid.uasset" 443
"../../../Engine/Plugins/Animation/ControlRig/Content/Controls/ControlRig_HalfCircle_solid.uexp" 444
"../../../Engine/Plugins/Animation/ControlRig/Content/Controls/ControlRig_HalfCircle_3mm.ubulk" 445
"../../../Engine/Plugins/Animation/ControlRig/Content/Controls/ControlRig_HalfCircle_3mm.uasset" 446
"../../../Engine/Plugins/Animation/ControlRig/Content/Controls/ControlRig_HalfCircle_3mm.uexp" 447
"../../../Engine/Plugins/Animation/ControlRig/Content/Controls/ControlRig_HalfCircle_1mm.ubulk" 448
"../../../Engine/Plugins/Animation/ControlRig/Content/Controls/ControlRig_HalfCircle_1mm.uasset" 449
"../../../Engine/Plugins/Animation/ControlRig/Content/Controls/ControlRig_HalfCircle_1mm.uexp" 450
"../../../Engine/Plugins/Animation/ControlRig/Content/Controls/ControlRig_Diamond_solid.ubulk" 451
"../../../Engine/Plugins/Animation/ControlRig/Content/Controls/ControlRig_Diamond_solid.uasset" 452
"../../../Engine/Plugins/Animation/ControlRig/Content/Controls/ControlRig_Diamond_solid.uexp" 453
"../../../Engine/Plugins/Animation/ControlRig/Content/Controls/ControlRig_Diamond_3mm.ubulk" 454
"../../../Engine/Plugins/Animation/ControlRig/Content/Controls/ControlRig_Diamond_3mm.uasset" 455
"../../../Engine/Plugins/Animation/ControlRig/Content/Controls/ControlRig_Diamond_3mm.uexp" 456
"../../../Engine/Plugins/Animation/ControlRig/Content/Controls/ControlRig_Diamond_1mm.ubulk" 457
"../../../Engine/Plugins/Animation/ControlRig/Content/Controls/ControlRig_Diamond_1mm.uasset" 458
"../../../Engine/Plugins/Animation/ControlRig/Content/Controls/ControlRig_Diamond_1mm.uexp" 459
"../../../Engine/Plugins/Animation/ControlRig/Content/Controls/ControlRig_Circle_solid.ubulk" 460
"../../../Engine/Plugins/Animation/ControlRig/Content/Controls/ControlRig_Circle_solid.uasset" 461
"../../../Engine/Plugins/Animation/ControlRig/Content/Controls/ControlRig_Circle_solid.uexp" 462
"../../../Engine/Plugins/Animation/ControlRig/Content/Controls/ControlRig_Circle_3mm.ubulk" 463
"../../../Engine/Plugins/Animation/ControlRig/Content/Controls/ControlRig_Circle_3mm.uasset" 464
"../../../Engine/Plugins/Animation/ControlRig/Content/Controls/ControlRig_Circle_3mm.uexp" 465
"../../../Engine/Plugins/Animation/ControlRig/Content/Controls/ControlRig_Circle_1mm.ubulk" 466
"../../../Engine/Plugins/Animation/ControlRig/Content/Controls/ControlRig_Circle_1mm.uasset" 467
"../../../Engine/Plugins/Animation/ControlRig/Content/Controls/ControlRig_Circle_1mm.uexp" 468
"../../../Engine/Plugins/Animation/ControlRig/Content/Controls/ControlRig_Box_solid.ubulk" 469
"../../../Engine/Plugins/Animation/ControlRig/Content/Controls/ControlRig_Box_solid.uasset" 470
"../../../Engine/Plugins/Animation/ControlRig/Content/Controls/ControlRig_Box_solid.uexp" 471
"../../../Engine/Plugins/Animation/ControlRig/Content/Controls/ControlRig_Box_3mm.ubulk" 472
"../../../Engine/Plugins/Animation/ControlRig/Content/Controls/ControlRig_Box_3mm.uasset" 473
"../../../Engine/Plugins/Animation/ControlRig/Content/Controls/ControlRig_Box_3mm.uexp" 474
"../../../Engine/Plugins/Animation/ControlRig/Content/Controls/ControlRig_Box_1mm.ubulk" 475
"../../../Engine/Plugins/Animation/ControlRig/Content/Controls/ControlRig_Box_1mm.uasset" 476
"../../../Engine/Plugins/Animation/ControlRig/Content/Controls/ControlRig_Box_1mm.uexp" 477
"../../../Engine/Plugins/Animation/ControlRig/Content/Controls/ControlRig_Arrow_solid.ubulk" 478
"../../../Engine/Plugins/Animation/ControlRig/Content/Controls/ControlRig_Arrow_solid.uasset" 479
"../../../Engine/Plugins/Animation/ControlRig/Content/Controls/ControlRig_Arrow_solid.uexp" 480
"../../../Engine/Plugins/Animation/ControlRig/Content/Controls/ControlRig_Arrow_3mm.ubulk" 481
"../../../Engine/Plugins/Animation/ControlRig/Content/Controls/ControlRig_Arrow_3mm.uasset" 482
"../../../Engine/Plugins/Animation/ControlRig/Content/Controls/ControlRig_Arrow_3mm.uexp" 483
"../../../Engine/Plugins/Animation/ControlRig/Content/Controls/ControlRig_Arrow_1mm.ubulk" 484
"../../../Engine/Plugins/Animation/ControlRig/Content/Controls/ControlRig_Arrow_1mm.uasset" 485
"../../../Engine/Plugins/Animation/ControlRig/Content/Controls/ControlRig_Arrow_1mm.uexp" 486
"../../../Engine/Plugins/Animation/ControlRig/Content/Controls/ControlRig_Arrow4_solid.ubulk" 487
"../../../Engine/Plugins/Animation/ControlRig/Content/Controls/ControlRig_Arrow4_solid.uasset" 488
"../../../Engine/Plugins/Animation/ControlRig/Content/Controls/ControlRig_Arrow4_solid.uexp" 489
"../../../Engine/Plugins/Animation/ControlRig/Content/Controls/ControlRig_Arrow4_3mm.ubulk" 490
"../../../Engine/Plugins/Animation/ControlRig/Content/Controls/ControlRig_Arrow4_3mm.uasset" 491
"../../../Engine/Plugins/Animation/ControlRig/Content/Controls/ControlRig_Arrow4_3mm.uexp" 492
"../../../Engine/Plugins/Animation/ControlRig/Content/Controls/ControlRig_Arrow4_1mm.ubulk" 493
"../../../Engine/Plugins/Animation/ControlRig/Content/Controls/ControlRig_Arrow4_1mm.uasset" 494
"../../../Engine/Plugins/Animation/ControlRig/Content/Controls/ControlRig_Arrow4_1mm.uexp" 495
"../../../Engine/Plugins/Animation/ControlRig/Content/Controls/ControlRig_Arrow2_solid.ubulk" 496
"../../../Engine/Plugins/Animation/ControlRig/Content/Controls/ControlRig_Arrow2_solid.uasset" 497
"../../../Engine/Plugins/Animation/ControlRig/Content/Controls/ControlRig_Arrow2_solid.uexp" 498
"../../../Engine/Plugins/Animation/ControlRig/Content/Controls/ControlRig_Arrow2_3mm.ubulk" 499
"../../../Engine/Plugins/Animation/ControlRig/Content/Controls/ControlRig_Arrow2_3mm.uasset" 500
"../../../Engine/Plugins/Animation/ControlRig/Content/Controls/ControlRig_Arrow2_3mm.uexp" 501
"../../../Engine/Plugins/Animation/ControlRig/Content/Controls/ControlRig_Arrow2_1mm.ubulk" 502
"../../../Engine/Plugins/Animation/ControlRig/Content/Controls/ControlRig_Arrow2_1mm.uasset" 503
"../../../Engine/Plugins/Animation/ControlRig/Content/Controls/ControlRig_Arrow2_1mm.uexp" 504
"../../../Engine/Plugins/Animation/ControlRig/Content/Controls/ControlRigXRayMaterial.uasset" 505
"../../../Engine/Plugins/Animation/ControlRig/Content/Controls/ControlRigXRayMaterial.uexp" 506
"../../../Engine/Plugins/Animation/ControlRig/Content/Controls/ControlRigGizmoMaterial.uasset" 507
"../../../Engine/Plugins/Animation/ControlRig/Content/Controls/ControlRigGizmoMaterial.uexp" 508
"../../../Engine/Plugins/Editor/SpeedTreeImporter/Content/SpeedTree9/game_wind_noise.ubulk" 509
"../../../Engine/Plugins/Editor/SpeedTreeImporter/Content/SpeedTree9/game_wind_noise.uasset" 510
"../../../Engine/Plugins/Editor/SpeedTreeImporter/Content/SpeedTree9/game_wind_noise.uexp" 511
"../../../Engine/Plugins/Editor/SpeedTreeImporter/Content/SpeedTree9/UnpackDirection.uasset" 512
"../../../Engine/Plugins/Editor/SpeedTreeImporter/Content/SpeedTree9/UnpackDirection.uexp" 513
"../../../Engine/Content/Functions/Engine_MaterialFunctions02/ObjectLocalBounds.uasset" 514
"../../../Engine/Content/Functions/Engine_MaterialFunctions02/ObjectLocalBounds.uexp" 515
"../../../Engine/Content/Functions/Engine_MaterialFunctions02/UVs/BoundingBoxBased_0-1_UVW.uasset" 516
"../../../Engine/Content/Functions/Engine_MaterialFunctions02/UVs/BoundingBoxBased_0-1_UVW.uexp" 517
"../../../Engine/Content/Functions/Engine_MaterialFunctions02/Utility/VectorLength.uasset" 518
"../../../Engine/Content/Functions/Engine_MaterialFunctions02/Utility/VectorLength.uexp" 519
"../../../Engine/Plugins/Editor/SpeedTreeImporter/Content/SpeedTree9/UnpackInteger3.uasset" 520
"../../../Engine/Plugins/Editor/SpeedTreeImporter/Content/SpeedTree9/UnpackInteger3.uexp" 521
"../../../Engine/Plugins/Editor/SpeedTreeImporter/Content/SpeedTree9/SpeedTreeCameraFacing.uasset" 522
"../../../Engine/Plugins/Editor/SpeedTreeImporter/Content/SpeedTree9/SpeedTreeCameraFacing.uexp" 523
"../../../Engine/Content/Functions/Engine_MaterialFunctions02/WorldPositionOffset/ObjectScale.uasset" 524
"../../../Engine/Content/Functions/Engine_MaterialFunctions02/WorldPositionOffset/ObjectScale.uexp" 525
"../../../Engine/Content/Functions/Engine_MaterialFunctions02/SafeNormalize.uasset" 526
"../../../Engine/Content/Functions/Engine_MaterialFunctions02/SafeNormalize.uexp" 527
"../../../Engine/Plugins/Editor/SpeedTreeImporter/Content/SpeedTree9/SpeedTreeWindMotion.uasset" 528
"../../../Engine/Plugins/Editor/SpeedTreeImporter/Content/SpeedTree9/SpeedTreeWindMotion.uexp" 529
"../../../Engine/Plugins/Editor/SpeedTreeImporter/Content/SpeedTree9/SpeedTreeBranchMotion.uasset" 530
"../../../Engine/Plugins/Editor/SpeedTreeImporter/Content/SpeedTree9/SpeedTreeBranchMotion.uexp" 531
"../../../Engine/Plugins/Editor/SpeedTreeImporter/Content/SpeedTree9/SpeedTreeWind.uasset" 532
"../../../Engine/Plugins/Editor/SpeedTreeImporter/Content/SpeedTree9/SpeedTreeWind.uexp" 533
"../../../Engine/Plugins/Editor/SpeedTreeImporter/Content/SpeedTree9/EmptyNormal.uasset" 534
"../../../Engine/Plugins/Editor/SpeedTreeImporter/Content/SpeedTree9/EmptyNormal.uexp" 535
"../../../Engine/Plugins/Editor/SpeedTreeImporter/Content/SpeedTree9/Empty.uasset" 536
"../../../Engine/Plugins/Editor/SpeedTreeImporter/Content/SpeedTree9/Empty.uexp" 537
"../../../Engine/Plugins/Editor/SpeedTreeImporter/Content/SpeedTree9/SpeedTreeMaster.uasset" 538
"../../../Engine/Plugins/Editor/SpeedTreeImporter/Content/SpeedTree9/SpeedTreeMaster.uexp" 539
"../../../Engine/Plugins/Editor/SpeedTreeImporter/Content/SpeedTree9/SpeedTreeBillboard.uasset" 540
"../../../Engine/Plugins/Editor/SpeedTreeImporter/Content/SpeedTree9/SpeedTreeBillboard.uexp" 541
"../../../Engine/Plugins/Editor/SpeedTreeImporter/Content/SpeedTree9/SpeedTreeBillboardMaster.uasset" 542
"../../../Engine/Plugins/Editor/SpeedTreeImporter/Content/SpeedTree9/SpeedTreeBillboardMaster.uexp" 543
"../../../Engine/Content/Functions/Engine_MaterialFunctions02/Texturing/CustomRotator.uasset" 544
"../../../Engine/Content/Functions/Engine_MaterialFunctions02/Texturing/CustomRotator.uexp" 545
"../../../Engine/Content/Functions/Engine_MaterialFunctions02/Texturing/ScreenAlignedPixelToPixelUVs.uasset" 546
"../../../Engine/Content/Functions/Engine_MaterialFunctions02/Texturing/ScreenAlignedPixelToPixelUVs.uexp" 547
"../../../Engine/Plugins/Interchange/Runtime/Content/Utilities/T_Bayer64_Grayscale_64px.uasset" 548
"../../../Engine/Plugins/Interchange/Runtime/Content/Utilities/T_Bayer64_Grayscale_64px.uexp" 549
"../../../Engine/Plugins/Interchange/Runtime/Content/gltf/MaterialFunctions/MF_Temporal_Blur.uasset" 550
"../../../Engine/Plugins/Interchange/Runtime/Content/gltf/MaterialFunctions/MF_Temporal_Blur.uexp" 551
"../../../Engine/Plugins/Interchange/Runtime/Content/gltf/MaterialFunctions/MF_Fresnel_DS.uasset" 552
"../../../Engine/Plugins/Interchange/Runtime/Content/gltf/MaterialFunctions/MF_Fresnel_DS.uexp" 553
"../../../Engine/Plugins/Interchange/Runtime/Content/Functions/MX_Transmission.uasset" 554
"../../../Engine/Plugins/Interchange/Runtime/Content/Functions/MX_Transmission.uexp" 555
"../../../Engine/Plugins/Interchange/Runtime/Content/Functions/MF_OrenNayerView.uasset" 556
"../../../Engine/Plugins/Interchange/Runtime/Content/Functions/MF_OrenNayerView.uexp" 557
"../../../Engine/Plugins/Interchange/Runtime/Content/Functions/MF_SchlickApprox.uasset" 558
"../../../Engine/Plugins/Interchange/Runtime/Content/Functions/MF_SchlickApprox.uexp" 559
"../../../Engine/Plugins/Interchange/Runtime/Content/Utilities/New_LUT.uasset" 560
"../../../Engine/Plugins/Interchange/Runtime/Content/Utilities/New_LUT.uexp" 561
"../../../Engine/Content/Functions/Engine_MaterialFunctions03/Math/RemapValueRange.uasset" 562
"../../../Engine/Content/Functions/Engine_MaterialFunctions03/Math/RemapValueRange.uexp" 563
"../../../Engine/Plugins/Interchange/Runtime/Content/Functions/MF_Iridescence.uasset" 564
"../../../Engine/Plugins/Interchange/Runtime/Content/Functions/MF_Iridescence.uexp" 565
"../../../Engine/Plugins/Interchange/Runtime/Content/Functions/MX_StandardSurface.uasset" 566
"../../../Engine/Plugins/Interchange/Runtime/Content/Functions/MX_StandardSurface.uexp" 567
"../../../Engine/Plugins/Interchange/Runtime/Content/Functions/MX_TransmissionSurface.uasset" 568
"../../../Engine/Plugins/Interchange/Runtime/Content/Functions/MX_TransmissionSurface.uexp" 569
"../../../Engine/Content/Functions/Engine_MaterialFunctions02/Math/AddComponents.uasset" 570
"../../../Engine/Content/Functions/Engine_MaterialFunctions02/Math/AddComponents.uexp" 571
"../../../Engine/Content/Functions/Engine_MaterialFunctions02/WorldPositionOffset/V2/ObjectScale.uasset" 572
"../../../Engine/Content/Functions/Engine_MaterialFunctions02/WorldPositionOffset/V2/ObjectScale.uexp" 573
"../../../Engine/Plugins/Interchange/Runtime/Content/gltf/MaterialFunctions/MF_TransmissionOpacity.uasset" 574
"../../../Engine/Plugins/Interchange/Runtime/Content/gltf/MaterialFunctions/MF_TransmissionOpacity.uexp" 575
"../../../Engine/Plugins/Interchange/Runtime/Content/gltf/MaterialFunctions/MF_RotateV2.uasset" 576
"../../../Engine/Plugins/Interchange/Runtime/Content/gltf/MaterialFunctions/MF_RotateV2.uexp" 577
"../../../Engine/Plugins/Interchange/Runtime/Content/gltf/MaterialFunctions/MF_TransformUVs.uasset" 578
"../../../Engine/Plugins/Interchange/Runtime/Content/gltf/MaterialFunctions/MF_TransformUVs.uexp" 579
"../../../Engine/Plugins/Interchange/Runtime/Content/gltf/Textures/T_White_srgb.uasset" 580
"../../../Engine/Plugins/Interchange/Runtime/Content/gltf/Textures/T_White_srgb.uexp" 581
"../../../Engine/Plugins/Interchange/Runtime/Content/gltf/MaterialFunctions/MF_BaseColor.uasset" 582
"../../../Engine/Plugins/Interchange/Runtime/Content/gltf/MaterialFunctions/MF_BaseColor.uexp" 583
"../../../Engine/Plugins/Interchange/Runtime/Content/gltf/MaterialFunctions/MF_DiffuseSpecGloss.uasset" 584
"../../../Engine/Plugins/Interchange/Runtime/Content/gltf/MaterialFunctions/MF_DiffuseSpecGloss.uexp" 585
"../../../Engine/Plugins/Interchange/Runtime/Content/gltf/Textures/T_White_Linear.uasset" 586
"../../../Engine/Plugins/Interchange/Runtime/Content/gltf/Textures/T_White_Linear.uexp" 587
"../../../Engine/Plugins/Interchange/Runtime/Content/gltf/MaterialFunctions/MF_MetallicRoughness.uasset" 588
"../../../Engine/Plugins/Interchange/Runtime/Content/gltf/MaterialFunctions/MF_MetallicRoughness.uexp" 589
"../../../Engine/Plugins/Interchange/Runtime/Content/gltf/MaterialFunctions/MF_Transmission.uasset" 590
"../../../Engine/Plugins/Interchange/Runtime/Content/gltf/MaterialFunctions/MF_Transmission.uexp" 591
"../../../Engine/Plugins/Interchange/Runtime/Content/gltf/MaterialFunctions/MF_Occlusion.uasset" 592
"../../../Engine/Plugins/Interchange/Runtime/Content/gltf/MaterialFunctions/MF_Occlusion.uexp" 593
"../../../Engine/Plugins/Interchange/Runtime/Content/gltf/MaterialFunctions/MF_Specular.uasset" 594
"../../../Engine/Plugins/Interchange/Runtime/Content/gltf/MaterialFunctions/MF_Specular.uexp" 595
"../../../Engine/Plugins/Interchange/Runtime/Content/gltf/MaterialFunctions/MF_IOR.uasset" 596
"../../../Engine/Plugins/Interchange/Runtime/Content/gltf/MaterialFunctions/MF_IOR.uexp" 597
"../../../Engine/Content/Functions/Engine_MaterialFunctions01/Texturing/FlattenNormal.uasset" 598
"../../../Engine/Content/Functions/Engine_MaterialFunctions01/Texturing/FlattenNormal.uexp" 599
"../../../Engine/Content/Functions/Engine_MaterialFunctions02/Math/Transform3x3Matrix.uasset" 600
"../../../Engine/Content/Functions/Engine_MaterialFunctions02/Math/Transform3x3Matrix.uexp" 601
"../../../Engine/Plugins/Interchange/Runtime/Content/gltf/MaterialFunctions/MF_RotateNormals_TS.uasset" 602
"../../../Engine/Plugins/Interchange/Runtime/Content/gltf/MaterialFunctions/MF_RotateNormals_TS.uexp" 603
"../../../Engine/Plugins/Interchange/Runtime/Content/gltf/Textures/T_Generic_N.uasset" 604
"../../../Engine/Plugins/Interchange/Runtime/Content/gltf/Textures/T_Generic_N.uexp" 605
"../../../Engine/Plugins/Interchange/Runtime/Content/gltf/MaterialFunctions/MF_Normals.uasset" 606
"../../../Engine/Plugins/Interchange/Runtime/Content/gltf/MaterialFunctions/MF_Normals.uexp" 607
"../../../Engine/Plugins/Interchange/Runtime/Content/gltf/MaterialFunctions/MF_PerceivedBrightness.uasset" 608
"../../../Engine/Plugins/Interchange/Runtime/Content/gltf/MaterialFunctions/MF_PerceivedBrightness.uexp" 609
"../../../Engine/Plugins/Interchange/Runtime/Content/gltf/MaterialFunctions/MF_SpecGlossToMetalRoughness.uasset" 610
"../../../Engine/Plugins/Interchange/Runtime/Content/gltf/MaterialFunctions/MF_SpecGlossToMetalRoughness.uexp" 611
"../../../Engine/Plugins/Interchange/Runtime/Content/gltf/M_Transmission.uasset" 612
"../../../Engine/Plugins/Interchange/Runtime/Content/gltf/M_Transmission.uexp" 613
"../../../Engine/Plugins/Interchange/Runtime/Content/gltf/MaterialInstances_MR/MI_Transmission_TS.uasset" 614
"../../../Engine/Plugins/Interchange/Runtime/Content/gltf/MaterialInstances_MR/MI_Transmission_TS.uexp" 615
"../../../Engine/Plugins/Interchange/Runtime/Content/gltf/MaterialInstances_MR/MI_Transmission.uasset" 616
"../../../Engine/Plugins/Interchange/Runtime/Content/gltf/MaterialInstances_MR/MI_Transmission.uexp" 617
"../../../Engine/Plugins/Interchange/Runtime/Content/gltf/MaterialFunctions/MF_Clearcoat.uasset" 618
"../../../Engine/Plugins/Interchange/Runtime/Content/gltf/MaterialFunctions/MF_Clearcoat.uexp" 619
"../../../Engine/Plugins/Interchange/Runtime/Content/gltf/MaterialFunctions/MF_Emissive.uasset" 620
"../../../Engine/Plugins/Interchange/Runtime/Content/gltf/MaterialFunctions/MF_Emissive.uexp" 621
"../../../Engine/Plugins/Interchange/Runtime/Content/gltf/M_Translucent.uasset" 622
"../../../Engine/Plugins/Interchange/Runtime/Content/gltf/M_Translucent.uexp" 623
"../../../Engine/Plugins/Interchange/Runtime/Content/gltf/MaterialInstances_MR/MI_Translucent_TS.uasset" 624
"../../../Engine/Plugins/Interchange/Runtime/Content/gltf/MaterialInstances_MR/MI_Translucent_TS.uexp" 625
"../../../Engine/Plugins/Interchange/Runtime/Content/gltf/MaterialInstances_MR/MI_Translucent_ClearCoat_TS.uasset" 626
"../../../Engine/Plugins/Interchange/Runtime/Content/gltf/MaterialInstances_MR/MI_Translucent_ClearCoat_TS.uexp" 627
"../../../Engine/Plugins/Interchange/Runtime/Content/gltf/MaterialInstances_MR/MI_Translucent_ClearCoat.uasset" 628
"../../../Engine/Plugins/Interchange/Runtime/Content/gltf/MaterialInstances_MR/MI_Translucent_ClearCoat.uexp" 629
"../../../Engine/Plugins/Interchange/Runtime/Content/gltf/MaterialInstances_MR/MI_Translucent.uasset" 630
"../../../Engine/Plugins/Interchange/Runtime/Content/gltf/MaterialInstances_MR/MI_Translucent.uexp" 631
"../../../Engine/Plugins/Interchange/Runtime/Content/gltf/M_Unlit.uasset" 632
"../../../Engine/Plugins/Interchange/Runtime/Content/gltf/M_Unlit.uexp" 633
"../../../Engine/Plugins/Interchange/Runtime/Content/gltf/MaterialInstances_MR/MI_Opaque_Unlit_TS.uasset" 634
"../../../Engine/Plugins/Interchange/Runtime/Content/gltf/MaterialInstances_MR/MI_Opaque_Unlit_TS.uexp" 635
"../../../Engine/Plugins/Interchange/Runtime/Content/gltf/MaterialInstances_MR/MI_Opaque_Unlit.uasset" 636
"../../../Engine/Plugins/Interchange/Runtime/Content/gltf/MaterialInstances_MR/MI_Opaque_Unlit.uexp" 637
"../../../Engine/Plugins/Interchange/Runtime/Content/gltf/M_Opaque.uasset" 638
"../../../Engine/Plugins/Interchange/Runtime/Content/gltf/M_Opaque.uexp" 639
"../../../Engine/Plugins/Interchange/Runtime/Content/gltf/MaterialInstances_MR/MI_Opaque_TS.uasset" 640
"../../../Engine/Plugins/Interchange/Runtime/Content/gltf/MaterialInstances_MR/MI_Opaque_TS.uexp" 641
"../../../Engine/Plugins/Interchange/Runtime/Content/gltf/MaterialFunctions/MF_Sheen.uasset" 642
"../../../Engine/Plugins/Interchange/Runtime/Content/gltf/MaterialFunctions/MF_Sheen.uexp" 643
"../../../Engine/Content/Functions/Engine_MaterialFunctions01/Shading/FuzzyShading.uasset" 644
"../../../Engine/Content/Functions/Engine_MaterialFunctions01/Shading/FuzzyShading.uexp" 645
"../../../Engine/Plugins/Interchange/Runtime/Content/gltf/M_Sheen.uasset" 646
"../../../Engine/Plugins/Interchange/Runtime/Content/gltf/M_Sheen.uexp" 647
"../../../Engine/Plugins/Interchange/Runtime/Content/gltf/MaterialInstances_MR/MI_Opaque_Sheen_TS.uasset" 648
"../../../Engine/Plugins/Interchange/Runtime/Content/gltf/MaterialInstances_MR/MI_Opaque_Sheen_TS.uexp" 649
"../../../Engine/Plugins/Interchange/Runtime/Content/gltf/MaterialInstances_MR/MI_Opaque_Sheen.uasset" 650
"../../../Engine/Plugins/Interchange/Runtime/Content/gltf/MaterialInstances_MR/MI_Opaque_Sheen.uexp" 651
"../../../Engine/Plugins/Interchange/Runtime/Content/gltf/MaterialInstances_MR/MI_Opaque_ClearCoat_TS.uasset" 652
"../../../Engine/Plugins/Interchange/Runtime/Content/gltf/MaterialInstances_MR/MI_Opaque_ClearCoat_TS.uexp" 653
"../../../Engine/Plugins/Interchange/Runtime/Content/gltf/MaterialInstances_MR/MI_Opaque_ClearCoat.uasset" 654
"../../../Engine/Plugins/Interchange/Runtime/Content/gltf/MaterialInstances_MR/MI_Opaque_ClearCoat.uexp" 655
"../../../Engine/Plugins/Interchange/Runtime/Content/gltf/MaterialInstances_MR/MI_Opaque.uasset" 656
"../../../Engine/Plugins/Interchange/Runtime/Content/gltf/MaterialInstances_MR/MI_Opaque.uexp" 657
"../../../Engine/Plugins/Interchange/Runtime/Content/gltf/MaterialInstances_SG/MI_Transmission_TS.uasset" 658
"../../../Engine/Plugins/Interchange/Runtime/Content/gltf/MaterialInstances_SG/MI_Transmission_TS.uexp" 659
"../../../Engine/Plugins/Interchange/Runtime/Content/gltf/MaterialInstances_SG/MI_Transmission.uasset" 660
"../../../Engine/Plugins/Interchange/Runtime/Content/gltf/MaterialInstances_SG/MI_Transmission.uexp" 661
"../../../Engine/Plugins/Interchange/Runtime/Content/gltf/MaterialInstances_SG/MI_Translucent_TS.uasset" 662
"../../../Engine/Plugins/Interchange/Runtime/Content/gltf/MaterialInstances_SG/MI_Translucent_TS.uexp" 663
"../../../Engine/Plugins/Interchange/Runtime/Content/gltf/MaterialInstances_SG/MI_Translucent_ClearCoat_TS.uasset" 664
"../../../Engine/Plugins/Interchange/Runtime/Content/gltf/MaterialInstances_SG/MI_Translucent_ClearCoat_TS.uexp" 665
"../../../Engine/Plugins/Interchange/Runtime/Content/gltf/MaterialInstances_SG/MI_Translucent_ClearCoat.uasset" 666
"../../../Engine/Plugins/Interchange/Runtime/Content/gltf/MaterialInstances_SG/MI_Translucent_ClearCoat.uexp" 667
"../../../Engine/Plugins/Interchange/Runtime/Content/gltf/MaterialInstances_SG/MI_Translucent.uasset" 668
"../../../Engine/Plugins/Interchange/Runtime/Content/gltf/MaterialInstances_SG/MI_Translucent.uexp" 669
"../../../Engine/Plugins/Interchange/Runtime/Content/gltf/MaterialInstances_SG/MI_Opaque_TS.uasset" 670
"../../../Engine/Plugins/Interchange/Runtime/Content/gltf/MaterialInstances_SG/MI_Opaque_TS.uexp" 671
"../../../Engine/Plugins/Interchange/Runtime/Content/gltf/MaterialInstances_SG/MI_Opaque_Sheen_TS.uasset" 672
"../../../Engine/Plugins/Interchange/Runtime/Content/gltf/MaterialInstances_SG/MI_Opaque_Sheen_TS.uexp" 673
"../../../Engine/Plugins/Interchange/Runtime/Content/gltf/MaterialInstances_SG/MI_Opaque_Sheen.uasset" 674
"../../../Engine/Plugins/Interchange/Runtime/Content/gltf/MaterialInstances_SG/MI_Opaque_Sheen.uexp" 675
"../../../Engine/Plugins/Interchange/Runtime/Content/gltf/MaterialInstances_SG/MI_Opaque_ClearCoat_TS.uasset" 676
"../../../Engine/Plugins/Interchange/Runtime/Content/gltf/MaterialInstances_SG/MI_Opaque_ClearCoat_TS.uexp" 677
"../../../Engine/Plugins/Interchange/Runtime/Content/gltf/MaterialInstances_SG/MI_Opaque_ClearCoat.uasset" 678
"../../../Engine/Plugins/Interchange/Runtime/Content/gltf/MaterialInstances_SG/MI_Opaque_ClearCoat.uexp" 679
"../../../Engine/Plugins/Interchange/Runtime/Content/gltf/MaterialInstances_SG/MI_Opaque.uasset" 680
"../../../Engine/Plugins/Interchange/Runtime/Content/gltf/MaterialInstances_SG/MI_Opaque.uexp" 681
"../../../Engine/Plugins/Interchange/Runtime/Content/gltf/Textures/T_Gray_Linear.uasset" 682
"../../../Engine/Plugins/Interchange/Runtime/Content/gltf/Textures/T_Gray_Linear.uexp" 683
"../../../Engine/Plugins/Interchange/Runtime/Content/gltf/Textures/T_Black_srgb.uasset" 684
"../../../Engine/Plugins/Interchange/Runtime/Content/gltf/Textures/T_Black_srgb.uexp" 685
"../../../Engine/Plugins/Interchange/Runtime/Content/Materials/UnlitMaterial.uasset" 686
"../../../Engine/Plugins/Interchange/Runtime/Content/Materials/UnlitMaterial.uexp" 687
"../../../Engine/Content/EngineMaterials/DefaultNormal.ubulk" 688
"../../../Engine/Content/EngineMaterials/DefaultNormal.uasset" 689
"../../../Engine/Content/EngineMaterials/DefaultNormal.uexp" 690
"../../../Engine/Plugins/Interchange/Runtime/Content/Materials/MapOrScalarFunction.uasset" 691
"../../../Engine/Plugins/Interchange/Runtime/Content/Materials/MapOrScalarFunction.uexp" 692
"../../../Engine/Plugins/Interchange/Runtime/Content/Materials/MapOrLinearColorFunction.uasset" 693
"../../../Engine/Plugins/Interchange/Runtime/Content/Materials/MapOrLinearColorFunction.uexp" 694
"../../../Engine/Plugins/Interchange/Runtime/Content/Materials/MapOrColorFunction.uasset" 695
"../../../Engine/Plugins/Interchange/Runtime/Content/Materials/MapOrColorFunction.uexp" 696
"../../../Engine/Plugins/Interchange/Runtime/Content/Materials/CommonMaterial.uasset" 697
"../../../Engine/Plugins/Interchange/Runtime/Content/Materials/CommonMaterial.uexp" 698
"../../../Engine/Plugins/Interchange/Runtime/Content/Materials/PBRSurfaceFunction.uasset" 699
"../../../Engine/Plugins/Interchange/Runtime/Content/Materials/PBRSurfaceFunction.uexp" 700
"../../../Engine/Plugins/Interchange/Runtime/Content/Materials/ThinTranslucentMaterial.uasset" 701
"../../../Engine/Plugins/Interchange/Runtime/Content/Materials/ThinTranslucentMaterial.uexp" 702
"../../../Engine/Plugins/Interchange/Runtime/Content/Materials/SubsurfaceMaterial.uasset" 703
"../../../Engine/Plugins/Interchange/Runtime/Content/Materials/SubsurfaceMaterial.uexp" 704
"../../../Engine/Plugins/Interchange/Runtime/Content/Materials/SheenMaterial.uasset" 705
"../../../Engine/Plugins/Interchange/Runtime/Content/Materials/SheenMaterial.uexp" 706
"../../../Engine/Content/Functions/Engine_MaterialFunctions01/Shading/ConvertFromDiffSpec.uasset" 707
"../../../Engine/Content/Functions/Engine_MaterialFunctions01/Shading/ConvertFromDiffSpec.uexp" 708
"../../../Engine/Plugins/Interchange/Runtime/Content/Materials/PhongSurfaceMaterial.uasset" 709
"../../../Engine/Plugins/Interchange/Runtime/Content/Materials/PhongSurfaceMaterial.uexp" 710
"../../../Engine/Plugins/Interchange/Runtime/Content/Materials/PBRSurfaceMaterial.uasset" 711
"../../../Engine/Plugins/Interchange/Runtime/Content/Materials/PBRSurfaceMaterial.uexp" 712
"../../../Engine/Content/EngineMaterials/FlatNormal.uasset" 713
"../../../Engine/Content/EngineMaterials/FlatNormal.uexp" 714
"../../../Engine/Content/EditorLandscapeResources/WhiteSquareTexture.uasset" 715
"../../../Engine/Content/EditorLandscapeResources/WhiteSquareTexture.uexp" 716
"../../../Engine/Plugins/Interchange/Runtime/Content/Materials/OrenNayerMaterial.uasset" 717
"../../../Engine/Plugins/Interchange/Runtime/Content/Materials/OrenNayerMaterial.uexp" 718
"../../../Engine/Plugins/Interchange/Runtime/Content/Materials/LambertSurfaceMaterial.uasset" 719
"../../../Engine/Plugins/Interchange/Runtime/Content/Materials/LambertSurfaceMaterial.uexp" 720
"../../../Engine/Plugins/Interchange/Runtime/Content/Materials/ClearCoatMaterial.uasset" 721
"../../../Engine/Plugins/Interchange/Runtime/Content/Materials/ClearCoatMaterial.uexp" 722
"../../../Engine/Plugins/Interchange/Runtime/Content/Pipelines/DefaultTexturePipeline.uasset" 723
"../../../Engine/Plugins/Interchange/Runtime/Content/Pipelines/DefaultTexturePipeline.uexp" 724
"../../../Engine/Plugins/Interchange/Runtime/Content/Pipelines/DefaultSceneLevelPipeline.uasset" 725
"../../../Engine/Plugins/Interchange/Runtime/Content/Pipelines/DefaultSceneLevelPipeline.uexp" 726
"../../../Engine/Plugins/Interchange/Runtime/Content/Pipelines/DefaultSceneAssetsPipeline.uasset" 727
"../../../Engine/Plugins/Interchange/Runtime/Content/Pipelines/DefaultSceneAssetsPipeline.uexp" 728
"../../../Engine/Plugins/Interchange/Runtime/Content/Pipelines/DefaultMaterialPipeline.uasset" 729
"../../../Engine/Plugins/Interchange/Runtime/Content/Pipelines/DefaultMaterialPipeline.uexp" 730
"../../../Engine/Plugins/Interchange/Runtime/Content/Pipelines/DefaultAssetsPipeline.uasset" 731
"../../../Engine/Plugins/Interchange/Runtime/Content/Pipelines/DefaultAssetsPipeline.uexp" 732
"../../../Engine/Plugins/Runtime/MeshModelingToolset/Content/Materials/M_DynamicMeshComponentVtxColor.uasset" 733
"../../../Engine/Plugins/Runtime/MeshModelingToolset/Content/Materials/M_DynamicMeshComponentVtxColor.uexp" 734
"C:/Users/laule/OneDrive/Documents/GitHub/WormOnAString/Content/FirstPerson/Input/Actions/IA_Inventory.uasset" 735
"C:/Users/laule/OneDrive/Documents/GitHub/WormOnAString/Content/FirstPerson/Input/Actions/IA_Inventory.uexp" 736
"C:/Users/laule/OneDrive/Documents/GitHub/WormOnAString/Content/Inventory/Items/Icons/bread-slice.ubulk" 737
"C:/Users/laule/OneDrive/Documents/GitHub/WormOnAString/Content/Inventory/Items/Icons/bread-slice.uasset" 738
"C:/Users/laule/OneDrive/Documents/GitHub/WormOnAString/Content/Inventory/Items/Icons/bread-slice.uexp" 739
"C:/Users/laule/OneDrive/Documents/GitHub/WormOnAString/Content/Inventory/Items/Icons/sandwich_T.ubulk" 740
"C:/Users/laule/OneDrive/Documents/GitHub/WormOnAString/Content/Inventory/Items/Icons/sandwich_T.uasset" 741
"C:/Users/laule/OneDrive/Documents/GitHub/WormOnAString/Content/Inventory/Items/Icons/sandwich_T.uexp" 742
"C:/Users/laule/OneDrive/Documents/GitHub/WormOnAString/Content/Inventory/FSlotStructure.uasset" 743
"C:/Users/laule/OneDrive/Documents/GitHub/WormOnAString/Content/Inventory/FSlotStructure.uexp" 744
"C:/Users/laule/OneDrive/Documents/GitHub/WormOnAString/Content/Inventory/FItemStructure.uasset" 745
"C:/Users/laule/OneDrive/Documents/GitHub/WormOnAString/Content/Inventory/FItemStructure.uexp" 746
"C:/Users/laule/OneDrive/Documents/GitHub/WormOnAString/Content/Inventory/Items/Icons/cubes_T.ubulk" 747
"C:/Users/laule/OneDrive/Documents/GitHub/WormOnAString/Content/Inventory/Items/Icons/cubes_T.uasset" 748
"C:/Users/laule/OneDrive/Documents/GitHub/WormOnAString/Content/Inventory/Items/Icons/cubes_T.uexp" 749
"C:/Users/laule/OneDrive/Documents/GitHub/WormOnAString/Content/LevelPrototyping/Textures/T_GridChecker_A.ubulk" 750
"C:/Users/laule/OneDrive/Documents/GitHub/WormOnAString/Content/LevelPrototyping/Textures/T_GridChecker_A.uasset" 751
"C:/Users/laule/OneDrive/Documents/GitHub/WormOnAString/Content/LevelPrototyping/Textures/T_GridChecker_A.uexp" 752
"../../../Engine/Content/Functions/Engine_MaterialFunctions01/Gradient/LinearGradient.uasset" 753
"../../../Engine/Content/Functions/Engine_MaterialFunctions01/Gradient/LinearGradient.uexp" 754
"../../../Engine/Content/Functions/Engine_MaterialFunctions01/ImageAdjustment/CheapContrast.uasset" 755
"../../../Engine/Content/Functions/Engine_MaterialFunctions01/ImageAdjustment/CheapContrast.uexp" 756
"C:/Users/laule/OneDrive/Documents/GitHub/WormOnAString/Content/LevelPrototyping/Materials/MF_ProcGrid.uasset" 757
"C:/Users/laule/OneDrive/Documents/GitHub/WormOnAString/Content/LevelPrototyping/Materials/MF_ProcGrid.uexp" 758
"C:/Users/laule/OneDrive/Documents/GitHub/WormOnAString/Content/LevelPrototyping/Materials/M_PrototypeGrid.uasset" 759
"C:/Users/laule/OneDrive/Documents/GitHub/WormOnAString/Content/LevelPrototyping/Materials/M_PrototypeGrid.uexp" 760
"C:/Users/laule/OneDrive/Documents/GitHub/WormOnAString/Content/LevelPrototyping/Materials/MI_PrototypeGrid_Gray.uasset" 761
"C:/Users/laule/OneDrive/Documents/GitHub/WormOnAString/Content/LevelPrototyping/Materials/MI_PrototypeGrid_Gray.uexp" 762
"C:/Users/laule/OneDrive/Documents/GitHub/WormOnAString/Content/LevelPrototyping/Meshes/SM_QuarterCylinder.ubulk" 763
"C:/Users/laule/OneDrive/Documents/GitHub/WormOnAString/Content/LevelPrototyping/Meshes/SM_QuarterCylinder.uasset" 764
"C:/Users/laule/OneDrive/Documents/GitHub/WormOnAString/Content/LevelPrototyping/Meshes/SM_QuarterCylinder.uexp" 765
"C:/Users/laule/OneDrive/Documents/GitHub/WormOnAString/Content/FPWeapon/Materials/BaseMaterial.uasset" 766
"C:/Users/laule/OneDrive/Documents/GitHub/WormOnAString/Content/FPWeapon/Materials/BaseMaterial.uexp" 767
"C:/Users/laule/OneDrive/Documents/GitHub/WormOnAString/Content/FPWeapon/Materials/FirstPersonProjectileMaterial.uasset" 768
"C:/Users/laule/OneDrive/Documents/GitHub/WormOnAString/Content/FPWeapon/Materials/FirstPersonProjectileMaterial.uexp" 769
"C:/Users/laule/OneDrive/Documents/GitHub/WormOnAString/Content/FPWeapon/Mesh/FirstPersonProjectileMesh.ubulk" 770
"C:/Users/laule/OneDrive/Documents/GitHub/WormOnAString/Content/FPWeapon/Mesh/FirstPersonProjectileMesh.uasset" 771
"C:/Users/laule/OneDrive/Documents/GitHub/WormOnAString/Content/FPWeapon/Mesh/FirstPersonProjectileMesh.uexp" 772
"C:/Users/laule/OneDrive/Documents/GitHub/WormOnAString/Content/LevelPrototyping/Meshes/SM_Cube.ubulk" 773
"C:/Users/laule/OneDrive/Documents/GitHub/WormOnAString/Content/LevelPrototyping/Meshes/SM_Cube.uasset" 774
"C:/Users/laule/OneDrive/Documents/GitHub/WormOnAString/Content/LevelPrototyping/Meshes/SM_Cube.uexp" 775
"C:/Users/laule/OneDrive/Documents/GitHub/WormOnAString/Content/Inventory/Items/Icons/spheres_T.ubulk" 776
"C:/Users/laule/OneDrive/Documents/GitHub/WormOnAString/Content/Inventory/Items/Icons/spheres_T.uasset" 777
"C:/Users/laule/OneDrive/Documents/GitHub/WormOnAString/Content/Inventory/Items/Icons/spheres_T.uexp" 778
"C:/Users/laule/OneDrive/Documents/GitHub/WormOnAString/Content/LevelPrototyping/Meshes/SM_Ramp.ubulk" 779
"C:/Users/laule/OneDrive/Documents/GitHub/WormOnAString/Content/LevelPrototyping/Meshes/SM_Ramp.uasset" 780
"C:/Users/laule/OneDrive/Documents/GitHub/WormOnAString/Content/LevelPrototyping/Meshes/SM_Ramp.uexp" 781
"C:/Users/laule/OneDrive/Documents/GitHub/WormOnAString/Content/Inventory/Item_Data.uasset" 782
"C:/Users/laule/OneDrive/Documents/GitHub/WormOnAString/Content/Inventory/Item_Data.uexp" 783
"C:/Users/laule/OneDrive/Documents/GitHub/WormOnAString/Content/FirstPerson/Input/Actions/IA_Look.uasset" 784
"C:/Users/laule/OneDrive/Documents/GitHub/WormOnAString/Content/FirstPerson/Input/Actions/IA_Look.uexp" 785
"../../../Engine/Content/Functions/Engine_MaterialFunctions02/Utility/BlendAngleCorrectedNormals.uasset" 786
"../../../Engine/Content/Functions/Engine_MaterialFunctions02/Utility/BlendAngleCorrectedNormals.uexp" 787
"../../../Engine/Content/Functions/MaterialLayerFunctions/MatLayerBlend_NormalBlend.uasset" 788
"../../../Engine/Content/Functions/MaterialLayerFunctions/MatLayerBlend_NormalBlend.uexp" 789
"C:/Users/laule/OneDrive/Documents/GitHub/WormOnAString/Content/FirstPersonArms/Character/Materials/MaterialLayers/T_ML_Rubber_Blue_01_N.ubulk" 790
"C:/Users/laule/OneDrive/Documents/GitHub/WormOnAString/Content/FirstPersonArms/Character/Materials/MaterialLayers/T_ML_Rubber_Blue_01_N.uasset" 791
"C:/Users/laule/OneDrive/Documents/GitHub/WormOnAString/Content/FirstPersonArms/Character/Materials/MaterialLayers/T_ML_Rubber_Blue_01_N.uexp" 792
"C:/Users/laule/OneDrive/Documents/GitHub/WormOnAString/Content/FirstPersonArms/Character/Materials/MaterialLayers/T_ML_Rubber_Blue_01_D.ubulk" 793
"C:/Users/laule/OneDrive/Documents/GitHub/WormOnAString/Content/FirstPersonArms/Character/Materials/MaterialLayers/T_ML_Rubber_Blue_01_D.uasset" 794
"C:/Users/laule/OneDrive/Documents/GitHub/WormOnAString/Content/FirstPersonArms/Character/Materials/MaterialLayers/T_ML_Rubber_Blue_01_D.uexp" 795
"C:/Users/laule/OneDrive/Documents/GitHub/WormOnAString/Content/FirstPersonArms/Character/Materials/MaterialLayers/ML_GlossyBlack_Latex_UE4.uasset" 796
"C:/Users/laule/OneDrive/Documents/GitHub/WormOnAString/Content/FirstPersonArms/Character/Materials/MaterialLayers/ML_GlossyBlack_Latex_UE4.uexp" 797
"C:/Users/laule/OneDrive/Documents/GitHub/WormOnAString/Content/FirstPersonArms/Character/Textures/UE4_Mannequin_MAT_MASKA.ubulk" 798
"C:/Users/laule/OneDrive/Documents/GitHub/WormOnAString/Content/FirstPersonArms/Character/Textures/UE4_Mannequin_MAT_MASKA.uasset" 799
"C:/Users/laule/OneDrive/Documents/GitHub/WormOnAString/Content/FirstPersonArms/Character/Textures/UE4_Mannequin_MAT_MASKA.uexp" 800
"C:/Users/laule/OneDrive/Documents/GitHub/WormOnAString/Content/FirstPersonArms/Character/Textures/UE4_LOGO_CARD.ubulk" 801
"C:/Users/laule/OneDrive/Documents/GitHub/WormOnAString/Content/FirstPersonArms/Character/Textures/UE4_LOGO_CARD.uasset" 802
"C:/Users/laule/OneDrive/Documents/GitHub/WormOnAString/Content/FirstPersonArms/Character/Textures/UE4_LOGO_CARD.uexp" 803
"C:/Users/laule/OneDrive/Documents/GitHub/WormOnAString/Content/FirstPersonArms/Character/Materials/MaterialLayers/ML_Plastic_Shiny_Beige_LOGO.uasset" 804
"C:/Users/laule/OneDrive/Documents/GitHub/WormOnAString/Content/FirstPersonArms/Character/Materials/MaterialLayers/ML_Plastic_Shiny_Beige_LOGO.uexp" 805
"../../../Engine/Content/Functions/MaterialLayerFunctions/MatLayerBlend_Simple.uasset" 806
"../../../Engine/Content/Functions/MaterialLayerFunctions/MatLayerBlend_Simple.uexp" 807
"C:/Users/laule/OneDrive/Documents/GitHub/WormOnAString/Content/FirstPersonArms/Character/Materials/MaterialLayers/T_ML_Aluminum01.ubulk" 808
"C:/Users/laule/OneDrive/Documents/GitHub/WormOnAString/Content/FirstPersonArms/Character/Materials/MaterialLayers/T_ML_Aluminum01.uasset" 809
"C:/Users/laule/OneDrive/Documents/GitHub/WormOnAString/Content/FirstPersonArms/Character/Materials/MaterialLayers/T_ML_Aluminum01.uexp" 810
"C:/Users/laule/OneDrive/Documents/GitHub/WormOnAString/Content/FirstPersonArms/Character/Materials/MaterialLayers/T_ML_Aluminum01_N.ubulk" 811
"C:/Users/laule/OneDrive/Documents/GitHub/WormOnAString/Content/FirstPersonArms/Character/Materials/MaterialLayers/T_ML_Aluminum01_N.uasset" 812
"C:/Users/laule/OneDrive/Documents/GitHub/WormOnAString/Content/FirstPersonArms/Character/Materials/MaterialLayers/T_ML_Aluminum01_N.uexp" 813
"C:/Users/laule/OneDrive/Documents/GitHub/WormOnAString/Content/FirstPersonArms/Character/Materials/MaterialLayers/ML_SoftMetal_UE4.uasset" 814
"C:/Users/laule/OneDrive/Documents/GitHub/WormOnAString/Content/FirstPersonArms/Character/Materials/MaterialLayers/ML_SoftMetal_UE4.uexp" 815
"C:/Users/laule/OneDrive/Documents/GitHub/WormOnAString/Content/FirstPersonArms/Character/Materials/MaterialLayers/ML_Plastic_Shiny_Beige.uasset" 816
"C:/Users/laule/OneDrive/Documents/GitHub/WormOnAString/Content/FirstPersonArms/Character/Materials/MaterialLayers/ML_Plastic_Shiny_Beige.uexp" 817
"C:/Users/laule/OneDrive/Documents/GitHub/WormOnAString/Content/FirstPersonArms/Character/Textures/UE4_Mannequin__normals.ubulk" 818
"C:/Users/laule/OneDrive/Documents/GitHub/WormOnAString/Content/FirstPersonArms/Character/Textures/UE4_Mannequin__normals.uasset" 819
"C:/Users/laule/OneDrive/Documents/GitHub/WormOnAString/Content/FirstPersonArms/Character/Textures/UE4_Mannequin__normals.uexp" 820
"C:/Users/laule/OneDrive/Documents/GitHub/WormOnAString/Content/FirstPersonArms/Character/Materials/M_UE4Man_Body.uasset" 821
"C:/Users/laule/OneDrive/Documents/GitHub/WormOnAString/Content/FirstPersonArms/Character/Materials/M_UE4Man_Body.uexp" 822
"C:/Users/laule/OneDrive/Documents/GitHub/WormOnAString/Content/FirstPersonArms/Character/Mesh/SK_Mannequin_Arms_PhysicsAsset.uasset" 823
"C:/Users/laule/OneDrive/Documents/GitHub/WormOnAString/Content/FirstPersonArms/Character/Mesh/SK_Mannequin_Arms_PhysicsAsset.uexp" 824
"C:/Users/laule/OneDrive/Documents/GitHub/WormOnAString/Content/FirstPersonArms/Character/Mesh/SK_Mannequin_Arms_Skeleton.uasset" 825
"C:/Users/laule/OneDrive/Documents/GitHub/WormOnAString/Content/FirstPersonArms/Character/Mesh/SK_Mannequin_Arms_Skeleton.uexp" 826
"C:/Users/laule/OneDrive/Documents/GitHub/WormOnAString/Content/FirstPersonArms/Character/Mesh/SK_Mannequin_Arms.uasset" 827
"C:/Users/laule/OneDrive/Documents/GitHub/WormOnAString/Content/FirstPersonArms/Character/Mesh/SK_Mannequin_Arms.uexp" 828
"C:/Users/laule/OneDrive/Documents/GitHub/WormOnAString/Content/FirstPerson/Input/Actions/IA_Pause.uasset" 829
"C:/Users/laule/OneDrive/Documents/GitHub/WormOnAString/Content/FirstPerson/Input/Actions/IA_Pause.uexp" 830
"C:/Users/laule/OneDrive/Documents/GitHub/WormOnAString/Content/FirstPerson/Input/Actions/IA_Move.uasset" 831
"C:/Users/laule/OneDrive/Documents/GitHub/WormOnAString/Content/FirstPerson/Input/Actions/IA_Move.uexp" 832
"C:/Users/laule/OneDrive/Documents/GitHub/WormOnAString/Content/WidgetBPs/Controls_BP.uasset" 833
"C:/Users/laule/OneDrive/Documents/GitHub/WormOnAString/Content/WidgetBPs/Controls_BP.uexp" 834
"C:/Users/laule/OneDrive/Documents/GitHub/WormOnAString/Content/WidgetBPs/Settings_BP.uasset" 835
"C:/Users/laule/OneDrive/Documents/GitHub/WormOnAString/Content/WidgetBPs/Settings_BP.uexp" 836
"C:/Users/laule/OneDrive/Documents/GitHub/WormOnAString/Content/WidgetBPs/MainMenu_BP.uasset" 837
"C:/Users/laule/OneDrive/Documents/GitHub/WormOnAString/Content/WidgetBPs/MainMenu_BP.uexp" 838
"C:/Users/laule/OneDrive/Documents/GitHub/WormOnAString/Content/WidgetBPs/Credits_BP.uasset" 839
"C:/Users/laule/OneDrive/Documents/GitHub/WormOnAString/Content/WidgetBPs/Credits_BP.uexp" 840
"../../../Engine/Content/EditorBlueprintResources/StandardMacros.uasset" 841
"../../../Engine/Content/EditorBlueprintResources/StandardMacros.uexp" 842
"C:/Users/laule/OneDrive/Documents/GitHub/WormOnAString/Content/WidgetBPs/PauseMenu_BP.uasset" 843
"C:/Users/laule/OneDrive/Documents/GitHub/WormOnAString/Content/WidgetBPs/PauseMenu_BP.uexp" 844
"C:/Users/laule/OneDrive/Documents/GitHub/WormOnAString/Content/FirstPerson/Input/Actions/IA_Interact.uasset" 845
"C:/Users/laule/OneDrive/Documents/GitHub/WormOnAString/Content/FirstPerson/Input/Actions/IA_Interact.uexp" 846
"C:/Users/laule/OneDrive/Documents/GitHub/WormOnAString/Content/FirstPerson/Input/Actions/IA_Jump.uasset" 847
"C:/Users/laule/OneDrive/Documents/GitHub/WormOnAString/Content/FirstPerson/Input/Actions/IA_Jump.uexp" 848
"C:/Users/laule/OneDrive/Documents/GitHub/WormOnAString/Content/FirstPerson/Input/IMC_Default.uasset" 849
"C:/Users/laule/OneDrive/Documents/GitHub/WormOnAString/Content/FirstPerson/Input/IMC_Default.uexp" 850
"../../../Engine/Content/Animation/DefaultAnimCurveCompressionSettings.uasset" 851
"../../../Engine/Content/Animation/DefaultAnimCurveCompressionSettings.uexp" 852
"../../../Engine/Content/Animation/DefaultAnimBoneCompressionSettings.uasset" 853
"../../../Engine/Content/Animation/DefaultAnimBoneCompressionSettings.uexp" 854
"C:/Users/laule/OneDrive/Documents/GitHub/WormOnAString/Content/FirstPersonArms/Animations/FP_Rifle_Idle.uasset" 855
"C:/Users/laule/OneDrive/Documents/GitHub/WormOnAString/Content/FirstPersonArms/Animations/FP_Rifle_Idle.uexp" 856
"C:/Users/laule/OneDrive/Documents/GitHub/WormOnAString/Content/FirstPersonArms/Animations/FP_Rifle_Land.uasset" 857
"C:/Users/laule/OneDrive/Documents/GitHub/WormOnAString/Content/FirstPersonArms/Animations/FP_Rifle_Land.uexp" 858
"C:/Users/laule/OneDrive/Documents/GitHub/WormOnAString/Content/FirstPersonArms/Animations/FP_Rifle_Run.uasset" 859
"C:/Users/laule/OneDrive/Documents/GitHub/WormOnAString/Content/FirstPersonArms/Animations/FP_Rifle_Run.uexp" 860
"C:/Users/laule/OneDrive/Documents/GitHub/WormOnAString/Content/FirstPersonArms/Animations/FP_Rifle_Falling.uasset" 861
"C:/Users/laule/OneDrive/Documents/GitHub/WormOnAString/Content/FirstPersonArms/Animations/FP_Rifle_Falling.uexp" 862
"../../../Engine/Content/Animation/DefaultRecorderBoneCompression.uasset" 863
"../../../Engine/Content/Animation/DefaultRecorderBoneCompression.uexp" 864
"C:/Users/laule/OneDrive/Documents/GitHub/WormOnAString/Content/FirstPersonArms/Animations/FP_Idle.uasset" 865
"C:/Users/laule/OneDrive/Documents/GitHub/WormOnAString/Content/FirstPersonArms/Animations/FP_Idle.uexp" 866
"C:/Users/laule/OneDrive/Documents/GitHub/WormOnAString/Content/FirstPersonArms/Animations/FP_Jump.uasset" 867
"C:/Users/laule/OneDrive/Documents/GitHub/WormOnAString/Content/FirstPersonArms/Animations/FP_Jump.uexp" 868
"C:/Users/laule/OneDrive/Documents/GitHub/WormOnAString/Content/FirstPersonArms/Animations/FP_Run_Fwd.uasset" 869
"C:/Users/laule/OneDrive/Documents/GitHub/WormOnAString/Content/FirstPersonArms/Animations/FP_Run_Fwd.uexp" 870
"C:/Users/laule/OneDrive/Documents/GitHub/WormOnAString/Content/FirstPersonArms/Animations/FP_Land.uasset" 871
"C:/Users/laule/OneDrive/Documents/GitHub/WormOnAString/Content/FirstPersonArms/Animations/FP_Land.uexp" 872
"C:/Users/laule/OneDrive/Documents/GitHub/WormOnAString/Content/FirstPersonArms/Animations/FP_Falling.uasset" 873
"C:/Users/laule/OneDrive/Documents/GitHub/WormOnAString/Content/FirstPersonArms/Animations/FP_Falling.uexp" 874
"C:/Users/laule/OneDrive/Documents/GitHub/WormOnAString/Content/FirstPersonArms/Animations/FP_Rifle_Jump.uasset" 875
"C:/Users/laule/OneDrive/Documents/GitHub/WormOnAString/Content/FirstPersonArms/Animations/FP_Rifle_Jump.uexp" 876
"C:/Users/laule/OneDrive/Documents/GitHub/WormOnAString/Content/FirstPersonArms/Animations/FirstPerson_AnimBP.uasset" 877
"C:/Users/laule/OneDrive/Documents/GitHub/WormOnAString/Content/FirstPersonArms/Animations/FirstPerson_AnimBP.uexp" 878
"C:/Users/laule/OneDrive/Documents/GitHub/WormOnAString/Content/FirstPerson/Blueprints/BP_FirstPersonCharacter.uasset" 879
"C:/Users/laule/OneDrive/Documents/GitHub/WormOnAString/Content/FirstPerson/Blueprints/BP_FirstPersonCharacter.uexp" 880
"C:/Users/laule/OneDrive/Documents/GitHub/WormOnAString/Content/Inventory/iInteractInterface.uasset" 881
"C:/Users/laule/OneDrive/Documents/GitHub/WormOnAString/Content/Inventory/iInteractInterface.uexp" 882
"C:/Users/laule/OneDrive/Documents/GitHub/WormOnAString/Content/Inventory/ItemDataComponent.uasset" 883
"C:/Users/laule/OneDrive/Documents/GitHub/WormOnAString/Content/Inventory/ItemDataComponent.uexp" 884
"C:/Users/laule/OneDrive/Documents/GitHub/WormOnAString/Content/Inventory/InventorySystem.uasset" 885
"C:/Users/laule/OneDrive/Documents/GitHub/WormOnAString/Content/Inventory/InventorySystem.uexp" 886
"C:/Users/laule/OneDrive/Documents/GitHub/WormOnAString/Content/Inventory/DD_inventorySlot.uasset" 887
"C:/Users/laule/OneDrive/Documents/GitHub/WormOnAString/Content/Inventory/DD_inventorySlot.uexp" 888
"C:/Users/laule/OneDrive/Documents/GitHub/WormOnAString/Content/Inventory/UI/Materials/MUI_circle.uasset" 889
"C:/Users/laule/OneDrive/Documents/GitHub/WormOnAString/Content/Inventory/UI/Materials/MUI_circle.uexp" 890
"C:/Users/laule/OneDrive/Documents/GitHub/WormOnAString/Content/Inventory/UI/W_dragPreview.uasset" 891
"C:/Users/laule/OneDrive/Documents/GitHub/WormOnAString/Content/Inventory/UI/W_dragPreview.uexp" 892
"C:/Users/laule/OneDrive/Documents/GitHub/WormOnAString/Content/Inventory/UI/W_InventorySlot.uasset" 893
"C:/Users/laule/OneDrive/Documents/GitHub/WormOnAString/Content/Inventory/UI/W_InventorySlot.uexp" 894
"C:/Users/laule/OneDrive/Documents/GitHub/WormOnAString/Content/Inventory/UI/W_InventoryGrid.uasset" 895
"C:/Users/laule/OneDrive/Documents/GitHub/WormOnAString/Content/Inventory/UI/W_InventoryGrid.uexp" 896
"C:/Users/laule/OneDrive/Documents/GitHub/WormOnAString/Content/Inventory/UI/W_TransformInventory.uasset" 897
"C:/Users/laule/OneDrive/Documents/GitHub/WormOnAString/Content/Inventory/UI/W_TransformInventory.uexp" 898
"../../../Engine/Content/BasicShapes/Cube.ubulk" 899
"../../../Engine/Content/BasicShapes/Cube.uasset" 900
"../../../Engine/Content/BasicShapes/Cube.uexp" 901
"../../../Engine/Content/BasicShapes/Sphere.ubulk" 902
"../../../Engine/Content/BasicShapes/Sphere.uasset" 903
"../../../Engine/Content/BasicShapes/Sphere.uexp" 904
"C:/Users/laule/OneDrive/Documents/GitHub/WormOnAString/Content/LevelPrototyping/Meshes/SM_Cylinder.ubulk" 905
"C:/Users/laule/OneDrive/Documents/GitHub/WormOnAString/Content/LevelPrototyping/Meshes/SM_Cylinder.uasset" 906
"C:/Users/laule/OneDrive/Documents/GitHub/WormOnAString/Content/LevelPrototyping/Meshes/SM_Cylinder.uexp" 907
"../../../Engine/Content/BasicShapes/BasicShapeMaterial.uasset" 908
"../../../Engine/Content/BasicShapes/BasicShapeMaterial.uexp" 909
"C:/Users/laule/OneDrive/Documents/GitHub/WormOnAString/Content/Inventory/actors/A_cloche.uasset" 910
"C:/Users/laule/OneDrive/Documents/GitHub/WormOnAString/Content/Inventory/actors/A_cloche.uexp" 911
"C:/Users/laule/OneDrive/Documents/GitHub/WormOnAString/Content/Inventory/UI/W_ClocheInventory.uasset" 912
"C:/Users/laule/OneDrive/Documents/GitHub/WormOnAString/Content/Inventory/UI/W_ClocheInventory.uexp" 913
"C:/Users/laule/OneDrive/Documents/GitHub/WormOnAString/Content/Inventory/UI/W_ContainerInventory.uasset" 914
"C:/Users/laule/OneDrive/Documents/GitHub/WormOnAString/Content/Inventory/UI/W_ContainerInventory.uexp" 915
"C:/Users/laule/OneDrive/Documents/GitHub/WormOnAString/Content/Inventory/UI/W_PlayerMenu.uasset" 916
"C:/Users/laule/OneDrive/Documents/GitHub/WormOnAString/Content/Inventory/UI/W_PlayerMenu.uexp" 917
"C:/Users/laule/OneDrive/Documents/GitHub/WormOnAString/Content/FirstPerson/Blueprints/W_PlayerHUD.uasset" 918
"C:/Users/laule/OneDrive/Documents/GitHub/WormOnAString/Content/FirstPerson/Blueprints/W_PlayerHUD.uexp" 919
"C:/Users/laule/OneDrive/Documents/GitHub/WormOnAString/Content/FirstPerson/Blueprints/MyPlayerController.uasset" 920
"C:/Users/laule/OneDrive/Documents/GitHub/WormOnAString/Content/FirstPerson/Blueprints/MyPlayerController.uexp" 921
"C:/Users/laule/OneDrive/Documents/GitHub/WormOnAString/Content/FirstPerson/Blueprints/BP_FirstPersonGameMode.uasset" 922
"C:/Users/laule/OneDrive/Documents/GitHub/WormOnAString/Content/FirstPerson/Blueprints/BP_FirstPersonGameMode.uexp" 923
"C:/Users/laule/OneDrive/Documents/GitHub/WormOnAString/Content/Levels/MainMenu.uexp" 924
"C:/Users/laule/OneDrive/Documents/GitHub/WormOnAString/Content/Levels/MainMenu.umap" 925
"C:/Users/laule/OneDrive/Documents/GitHub/WormOnAString/Content/Levels/_GENERATED/cggatica/Box_E85C8F34.ubulk" 926
"C:/Users/laule/OneDrive/Documents/GitHub/WormOnAString/Content/Levels/_GENERATED/cggatica/Box_E85C8F34.uasset" 927
"C:/Users/laule/OneDrive/Documents/GitHub/WormOnAString/Content/Levels/_GENERATED/cggatica/Box_E85C8F34.uexp" 928
"C:/Users/laule/OneDrive/Documents/GitHub/WormOnAString/Content/Inventory/UI/W_cookBookMain.uasset" 929
"C:/Users/laule/OneDrive/Documents/GitHub/WormOnAString/Content/Inventory/UI/W_cookBookMain.uexp" 930
"C:/Users/laule/OneDrive/Documents/GitHub/WormOnAString/Content/Inventory/actors/A_cookBook.uasset" 931
"C:/Users/laule/OneDrive/Documents/GitHub/WormOnAString/Content/Inventory/actors/A_cookBook.uexp" 932
"C:/Users/laule/OneDrive/Documents/GitHub/WormOnAString/Content/Levels/_GENERATED/cggatica/Box_A80A34C9.ubulk" 933
"C:/Users/laule/OneDrive/Documents/GitHub/WormOnAString/Content/Levels/_GENERATED/cggatica/Box_A80A34C9.uasset" 934
"C:/Users/laule/OneDrive/Documents/GitHub/WormOnAString/Content/Levels/_GENERATED/cggatica/Box_A80A34C9.uexp" 935
"C:/Users/laule/OneDrive/Documents/GitHub/WormOnAString/Content/Levels/_GENERATED/cggatica/Box_8FE3DAA0.ubulk" 936
"C:/Users/laule/OneDrive/Documents/GitHub/WormOnAString/Content/Levels/_GENERATED/cggatica/Box_8FE3DAA0.uasset" 937
"C:/Users/laule/OneDrive/Documents/GitHub/WormOnAString/Content/Levels/_GENERATED/cggatica/Box_8FE3DAA0.uexp" 938
"C:/Users/laule/OneDrive/Documents/GitHub/WormOnAString/Content/Inventory/Items/SphereFoodItem.uasset" 939
"C:/Users/laule/OneDrive/Documents/GitHub/WormOnAString/Content/Inventory/Items/SphereFoodItem.uexp" 940
"C:/Users/laule/OneDrive/Documents/GitHub/WormOnAString/Content/Levels/_GENERATED/cggatica/Box_6F37DD83.ubulk" 941
"C:/Users/laule/OneDrive/Documents/GitHub/WormOnAString/Content/Levels/_GENERATED/cggatica/Box_6F37DD83.uasset" 942
"C:/Users/laule/OneDrive/Documents/GitHub/WormOnAString/Content/Levels/_GENERATED/cggatica/Box_6F37DD83.uexp" 943
"C:/Users/laule/OneDrive/Documents/GitHub/WormOnAString/Content/Levels/_GENERATED/cggatica/CubeGridToolOutput_CF072076.ubulk" 944
"C:/Users/laule/OneDrive/Documents/GitHub/WormOnAString/Content/Levels/_GENERATED/cggatica/CubeGridToolOutput_CF072076.uasset" 945
"C:/Users/laule/OneDrive/Documents/GitHub/WormOnAString/Content/Levels/_GENERATED/cggatica/CubeGridToolOutput_CF072076.uexp" 946
"C:/Users/laule/OneDrive/Documents/GitHub/WormOnAString/Content/Levels/_GENERATED/cggatica/Box_19CE5629.ubulk" 947
"C:/Users/laule/OneDrive/Documents/GitHub/WormOnAString/Content/Levels/_GENERATED/cggatica/Box_19CE5629.uasset" 948
"C:/Users/laule/OneDrive/Documents/GitHub/WormOnAString/Content/Levels/_GENERATED/cggatica/Box_19CE5629.uexp" 949
"C:/Users/laule/OneDrive/Documents/GitHub/WormOnAString/Content/Inventory/actors/Container.uasset" 950
"C:/Users/laule/OneDrive/Documents/GitHub/WormOnAString/Content/Inventory/actors/Container.uexp" 951
"C:/Users/laule/OneDrive/Documents/GitHub/WormOnAString/Content/Levels/_GENERATED/cggatica/Cylinder_92159D29.ubulk" 952
"C:/Users/laule/OneDrive/Documents/GitHub/WormOnAString/Content/Levels/_GENERATED/cggatica/Cylinder_92159D29.uasset" 953
"C:/Users/laule/OneDrive/Documents/GitHub/WormOnAString/Content/Levels/_GENERATED/cggatica/Cylinder_92159D29.uexp" 954
"C:/Users/laule/OneDrive/Documents/GitHub/WormOnAString/Content/Inventory/Items/TESTItem.uasset" 955
"C:/Users/laule/OneDrive/Documents/GitHub/WormOnAString/Content/Inventory/Items/TESTItem.uexp" 956
"C:/Users/laule/OneDrive/Documents/GitHub/WormOnAString/Content/Levels/_GENERATED/cggatica/Cylinder_207A981B.ubulk" 957
"C:/Users/laule/OneDrive/Documents/GitHub/WormOnAString/Content/Levels/_GENERATED/cggatica/Cylinder_207A981B.uasset" 958
"C:/Users/laule/OneDrive/Documents/GitHub/WormOnAString/Content/Levels/_GENERATED/cggatica/Cylinder_207A981B.uexp" 959
"C:/Users/laule/OneDrive/Documents/GitHub/WormOnAString/Content/Inventory/actors/A_transformFood.uasset" 960
"C:/Users/laule/OneDrive/Documents/GitHub/WormOnAString/Content/Inventory/actors/A_transformFood.uexp" 961
"C:/Users/laule/OneDrive/Documents/GitHub/WormOnAString/Content/Levels/DishDash.uexp" 962
"C:/Users/laule/OneDrive/Documents/GitHub/WormOnAString/Content/Levels/DishDash.umap" 963
"../../../Engine/Content/Maps/Entry_BuiltData.uasset" 964
"../../../Engine/Content/Maps/Entry_BuiltData.uexp" 965
"../../../Engine/Content/Maps/Entry.uexp" 966
"../../../Engine/Content/Maps/Entry.umap" 967
